TN:
SF:/Users/tgashby/Documents/Projects/PolyXpress/PolyXpressServer/public/PolyXpress/Author/src/js/peDesignerController.js
FN:21,(anonymous_1)
FN:29,(anonymous_2)
FN:50,(anonymous_3)
FN:63,(anonymous_4)
FN:65,(anonymous_5)
FN:87,(anonymous_6)
FN:96,(anonymous_7)
FN:108,(anonymous_8)
FN:165,(anonymous_9)
FN:181,(anonymous_10)
FN:198,(anonymous_11)
FN:214,(anonymous_12)
FN:223,(anonymous_13)
FN:263,(anonymous_14)
FN:282,(anonymous_15)
FN:291,(anonymous_16)
FN:321,(anonymous_17)
FN:341,(anonymous_18)
FN:350,(anonymous_19)
FN:391,(anonymous_20)
FN:416,(anonymous_21)
FN:439,(anonymous_22)
FN:464,(anonymous_23)
FN:509,(anonymous_24)
FN:540,(anonymous_25)
FN:554,(anonymous_26)
FN:566,(anonymous_27)
FN:614,(anonymous_28)
FN:631,(anonymous_29)
FN:644,(anonymous_30)
FN:656,(anonymous_31)
FN:668,(anonymous_32)
FN:682,(anonymous_33)
FN:736,(anonymous_34)
FN:750,(anonymous_35)
FN:763,(anonymous_36)
FN:772,(anonymous_37)
FN:786,(anonymous_38)
FN:798,populateAuthorSearchList
FN:823,useAuthorData
FN:839,populateStoryList
FN:864,populateStoryChapterCheckboxes
FN:906,populateStoryChapterList
FN:923,populateChapterList
FN:948,populateChapterEventCheckboxes
FN:990,populateChapterEventList
FN:1008,populateEventList
FN:1037,addCurrentAuthors
FN:1047,(anonymous_49)
FN:1068,requiredStoryFieldsPresent
FN:1076,clearStoryData
FN:1102,removeAuthorFromStory
FN:1126,addAuthorToStory
FN:1148,requiredChapterFieldsPresent
FN:1159,removeAuthorFromChapter
FN:1184,addAuthorToChapter
FN:1206,setChapterGeolocationPoints
FN:1216,clearChapterData
FN:1236,requiredEventFieldsPresent
FN:1247,removeAuthorFromEvent
FN:1271,addAuthorToEvent
FN:1296,addToAssetList
FN:1324,showEditEventPopup
FN:1340,removeAssetFromList
FN:1354,updateAssetInList
FN:1359,(anonymous_66)
FN:1375,updateAsset
FN:1385,setEventGeolocationPoints
FN:1395,clearEventData
FN:1419,toggleIDinList
FN:1438,listHelper
FN:1440,(anonymous_72)
FN:1453,wipeChildrenList
FN:1474,getGlobalContainer
FNF:74
FNH:46
FNDA:1,(anonymous_1)
FNDA:1,(anonymous_2)
FNDA:1,(anonymous_3)
FNDA:0,(anonymous_4)
FNDA:0,(anonymous_5)
FNDA:0,(anonymous_6)
FNDA:0,(anonymous_7)
FNDA:0,(anonymous_8)
FNDA:0,(anonymous_9)
FNDA:2,(anonymous_10)
FNDA:0,(anonymous_11)
FNDA:1,(anonymous_12)
FNDA:2,(anonymous_13)
FNDA:2,(anonymous_14)
FNDA:1,(anonymous_15)
FNDA:2,(anonymous_16)
FNDA:2,(anonymous_17)
FNDA:1,(anonymous_18)
FNDA:2,(anonymous_19)
FNDA:2,(anonymous_20)
FNDA:3,(anonymous_21)
FNDA:0,(anonymous_22)
FNDA:2,(anonymous_23)
FNDA:3,(anonymous_24)
FNDA:1,(anonymous_25)
FNDA:1,(anonymous_26)
FNDA:2,(anonymous_27)
FNDA:4,(anonymous_28)
FNDA:1,(anonymous_29)
FNDA:1,(anonymous_30)
FNDA:0,(anonymous_31)
FNDA:0,(anonymous_32)
FNDA:2,(anonymous_33)
FNDA:1,(anonymous_34)
FNDA:1,(anonymous_35)
FNDA:0,(anonymous_36)
FNDA:0,(anonymous_37)
FNDA:9,(anonymous_38)
FNDA:0,populateAuthorSearchList
FNDA:2,useAuthorData
FNDA:1,populateStoryList
FNDA:4,populateStoryChapterCheckboxes
FNDA:4,populateStoryChapterList
FNDA:1,populateChapterList
FNDA:4,populateChapterEventCheckboxes
FNDA:4,populateChapterEventList
FNDA:1,populateEventList
FNDA:3,addCurrentAuthors
FNDA:9,(anonymous_49)
FNDA:2,requiredStoryFieldsPresent
FNDA:6,clearStoryData
FNDA:0,removeAuthorFromStory
FNDA:0,addAuthorToStory
FNDA:2,requiredChapterFieldsPresent
FNDA:0,removeAuthorFromChapter
FNDA:0,addAuthorToChapter
FNDA:0,setChapterGeolocationPoints
FNDA:6,clearChapterData
FNDA:2,requiredEventFieldsPresent
FNDA:0,removeAuthorFromEvent
FNDA:0,addAuthorToEvent
FNDA:2,addToAssetList
FNDA:0,showEditEventPopup
FNDA:0,removeAssetFromList
FNDA:0,updateAssetInList
FNDA:0,(anonymous_66)
FNDA:0,updateAsset
FNDA:0,setEventGeolocationPoints
FNDA:6,clearEventData
FNDA:0,toggleIDinList
FNDA:11,listHelper
FNDA:0,(anonymous_72)
FNDA:15,wipeChildrenList
FNDA:1,getGlobalContainer
DA:21,1
DA:25,1
DA:26,1
DA:29,1
DA:34,1
DA:35,1
DA:37,1
DA:39,1
DA:42,1
DA:43,1
DA:44,1
DA:45,1
DA:50,1
DA:51,1
DA:52,1
DA:63,1
DA:64,0
DA:65,0
DA:66,0
DA:67,0
DA:87,1
DA:88,0
DA:96,1
DA:108,1
DA:109,0
DA:112,0
DA:114,0
DA:117,0
DA:118,0
DA:119,0
DA:124,0
DA:125,0
DA:126,0
DA:129,0
DA:130,0
DA:131,0
DA:134,0
DA:136,0
DA:138,0
DA:143,0
DA:144,0
DA:145,0
DA:151,0
DA:152,0
DA:153,0
DA:154,0
DA:156,0
DA:157,0
DA:158,0
DA:159,0
DA:161,0
DA:162,0
DA:165,0
DA:166,0
DA:167,0
DA:181,1
DA:183,2
DA:184,1
DA:186,1
DA:189,1
DA:190,1
DA:198,1
DA:199,0
DA:200,0
DA:201,0
DA:202,0
DA:203,0
DA:214,1
DA:215,1
DA:223,1
DA:224,2
DA:225,2
DA:226,2
DA:227,2
DA:228,2
DA:229,2
DA:230,2
DA:231,2
DA:232,2
DA:233,2
DA:234,2
DA:235,2
DA:236,2
DA:237,2
DA:238,2
DA:241,2
DA:242,2
DA:243,2
DA:244,2
DA:253,2
DA:254,2
DA:255,2
DA:256,2
DA:263,1
DA:264,2
DA:265,2
DA:266,2
DA:267,2
DA:268,2
DA:269,2
DA:270,2
DA:271,2
DA:272,2
DA:282,1
DA:283,1
DA:291,1
DA:292,2
DA:293,2
DA:294,2
DA:295,2
DA:296,2
DA:297,2
DA:298,2
DA:299,2
DA:300,2
DA:301,2
DA:302,2
DA:303,2
DA:304,2
DA:305,2
DA:306,2
DA:307,2
DA:308,2
DA:311,2
DA:312,2
DA:313,2
DA:314,2
DA:321,1
DA:322,2
DA:323,2
DA:324,2
DA:325,2
DA:326,2
DA:327,2
DA:328,2
DA:329,2
DA:330,2
DA:341,1
DA:342,1
DA:350,1
DA:351,2
DA:352,2
DA:353,2
DA:354,2
DA:355,2
DA:356,2
DA:357,2
DA:358,2
DA:359,2
DA:360,2
DA:361,2
DA:362,2
DA:363,2
DA:364,2
DA:365,2
DA:367,2
DA:368,2
DA:369,2
DA:373,2
DA:374,2
DA:375,0
DA:379,2
DA:380,2
DA:381,2
DA:384,2
DA:391,1
DA:392,2
DA:393,2
DA:394,2
DA:395,2
DA:396,2
DA:397,2
DA:398,2
DA:399,2
DA:416,1
DA:417,3
DA:418,3
DA:420,3
DA:421,1
DA:422,1
DA:423,1
DA:424,2
DA:425,1
DA:426,1
DA:427,1
DA:428,1
DA:429,1
DA:430,1
DA:431,1
DA:434,3
DA:439,1
DA:440,0
DA:441,0
DA:442,0
DA:443,0
DA:445,0
DA:447,0
DA:450,0
DA:464,1
DA:465,2
DA:466,2
DA:467,2
DA:468,2
DA:469,2
DA:470,2
DA:472,2
DA:473,2
DA:474,2
DA:475,2
DA:476,1
DA:478,2
DA:479,2
DA:480,2
DA:481,2
DA:482,2
DA:483,2
DA:485,2
DA:486,2
DA:487,1
DA:488,1
DA:491,1
DA:492,1
DA:495,2
DA:496,2
DA:497,2
DA:499,0
DA:500,0
DA:509,1
DA:510,3
DA:511,3
DA:512,3
DA:513,2
DA:514,2
DA:515,2
DA:516,1
DA:517,1
DA:521,2
DA:522,2
DA:523,2
DA:526,0
DA:527,0
DA:540,1
DA:541,1
DA:542,1
DA:543,1
DA:544,1
DA:546,1
DA:554,1
DA:555,1
DA:566,1
DA:567,2
DA:569,2
DA:570,2
DA:571,2
DA:572,2
DA:573,2
DA:574,2
DA:576,2
DA:577,2
DA:578,1
DA:580,2
DA:581,2
DA:582,2
DA:583,2
DA:584,2
DA:585,2
DA:586,2
DA:587,2
DA:588,2
DA:589,2
DA:591,2
DA:592,1
DA:593,1
DA:596,1
DA:597,1
DA:600,2
DA:601,2
DA:602,2
DA:604,0
DA:605,0
DA:614,1
DA:616,4
DA:617,4
DA:618,7
DA:619,7
DA:620,2
DA:624,2
DA:631,1
DA:632,1
DA:633,1
DA:634,1
DA:635,1
DA:636,1
DA:644,1
DA:645,1
DA:656,1
DA:657,0
DA:660,0
DA:661,0
DA:668,1
DA:669,0
DA:670,0
DA:671,0
DA:672,0
DA:674,0
DA:675,0
DA:682,1
DA:683,2
DA:685,2
DA:686,2
DA:687,2
DA:688,2
DA:689,2
DA:690,2
DA:692,2
DA:693,2
DA:694,1
DA:696,2
DA:697,2
DA:698,2
DA:699,2
DA:700,2
DA:701,2
DA:702,2
DA:704,2
DA:705,2
DA:706,0
DA:707,0
DA:708,0
DA:709,0
DA:710,0
DA:713,2
DA:714,2
DA:715,1
DA:716,1
DA:719,1
DA:720,1
DA:723,2
DA:724,2
DA:725,2
DA:727,0
DA:728,0
DA:736,1
DA:737,1
DA:738,1
DA:739,1
DA:740,1
DA:741,1
DA:750,1
DA:751,1
DA:763,1
DA:765,0
DA:772,1
DA:774,0
DA:786,1
DA:787,9
DA:798,1
DA:799,0
DA:800,0
DA:801,0
DA:802,0
DA:803,0
DA:804,0
DA:805,0
DA:806,0
DA:807,0
DA:808,0
DA:809,0
DA:810,0
DA:811,0
DA:812,0
DA:813,0
DA:823,1
DA:824,2
DA:825,2
DA:826,2
DA:827,2
DA:828,2
DA:839,1
DA:840,1
DA:842,1
DA:843,1
DA:845,1
DA:846,3
DA:847,3
DA:848,3
DA:849,3
DA:854,1
DA:855,0
DA:864,1
DA:865,4
DA:866,4
DA:868,4
DA:869,4
DA:871,4
DA:872,12
DA:873,6
DA:874,4
DA:878,12
DA:879,12
DA:880,12
DA:881,12
DA:882,12
DA:883,12
DA:884,4
DA:886,12
DA:887,12
DA:888,12
DA:889,12
DA:890,12
DA:892,12
DA:897,4
DA:906,1
DA:907,4
DA:908,4
DA:909,2
DA:910,2
DA:913,4
DA:923,1
DA:924,1
DA:926,1
DA:927,1
DA:929,1
DA:930,3
DA:931,3
DA:932,3
DA:933,3
DA:938,1
DA:939,0
DA:948,1
DA:949,4
DA:950,4
DA:952,4
DA:953,4
DA:955,4
DA:956,12
DA:957,6
DA:958,4
DA:962,12
DA:963,12
DA:964,12
DA:965,12
DA:966,12
DA:967,12
DA:968,4
DA:970,12
DA:971,12
DA:972,12
DA:973,12
DA:974,12
DA:976,12
DA:981,4
DA:990,1
DA:991,4
DA:992,4
DA:993,2
DA:994,2
DA:997,4
DA:1008,1
DA:1009,1
DA:1011,1
DA:1012,1
DA:1014,1
DA:1015,3
DA:1016,3
DA:1017,3
DA:1018,3
DA:1023,1
DA:1024,0
DA:1037,1
DA:1038,3
DA:1039,3
DA:1042,3
DA:1043,3
DA:1045,3
DA:1046,3
DA:1047,3
DA:1050,9
DA:1051,9
DA:1052,9
DA:1053,9
DA:1054,9
DA:1055,9
DA:1056,9
DA:1057,9
DA:1059,3
DA:1060,0
DA:1068,1
DA:1069,2
DA:1076,1
DA:1077,6
DA:1078,6
DA:1079,6
DA:1080,6
DA:1081,6
DA:1082,6
DA:1083,6
DA:1084,6
DA:1085,6
DA:1086,6
DA:1087,6
DA:1090,6
DA:1091,6
DA:1093,6
DA:1094,6
DA:1102,1
DA:1103,0
DA:1104,0
DA:1106,0
DA:1107,0
DA:1108,0
DA:1110,0
DA:1111,0
DA:1112,0
DA:1113,0
DA:1114,0
DA:1116,0
DA:1117,0
DA:1126,1
DA:1127,0
DA:1128,0
DA:1130,0
DA:1132,0
DA:1133,0
DA:1134,0
DA:1135,0
DA:1136,0
DA:1139,0
DA:1140,0
DA:1148,1
DA:1149,2
DA:1159,1
DA:1160,0
DA:1161,0
DA:1163,0
DA:1164,0
DA:1165,0
DA:1167,0
DA:1168,0
DA:1169,0
DA:1170,0
DA:1171,0
DA:1173,0
DA:1174,0
DA:1184,1
DA:1185,0
DA:1186,0
DA:1188,0
DA:1190,0
DA:1191,0
DA:1192,0
DA:1193,0
DA:1194,0
DA:1197,0
DA:1198,0
DA:1206,1
DA:1208,0
DA:1209,0
DA:1216,1
DA:1217,6
DA:1218,6
DA:1219,6
DA:1220,6
DA:1221,6
DA:1222,6
DA:1223,6
DA:1224,6
DA:1225,6
DA:1226,6
DA:1227,6
DA:1228,6
DA:1229,6
DA:1236,1
DA:1237,2
DA:1247,1
DA:1248,0
DA:1249,0
DA:1251,0
DA:1252,0
DA:1253,0
DA:1255,0
DA:1256,0
DA:1257,0
DA:1258,0
DA:1259,0
DA:1261,0
DA:1262,0
DA:1271,1
DA:1272,0
DA:1273,0
DA:1275,0
DA:1277,0
DA:1278,0
DA:1279,0
DA:1280,0
DA:1281,0
DA:1284,0
DA:1285,0
DA:1296,1
DA:1297,2
DA:1298,2
DA:1299,2
DA:1301,2
DA:1302,2
DA:1303,2
DA:1306,2
DA:1307,2
DA:1308,2
DA:1309,2
DA:1310,2
DA:1313,2
DA:1314,2
DA:1315,2
DA:1316,2
DA:1324,1
DA:1326,0
DA:1327,0
DA:1330,0
DA:1331,0
DA:1332,0
DA:1333,0
DA:1340,1
DA:1341,0
DA:1342,0
DA:1343,0
DA:1344,0
DA:1345,0
DA:1354,1
DA:1356,0
DA:1359,0
DA:1360,0
DA:1361,0
DA:1362,0
DA:1363,0
DA:1364,0
DA:1365,0
DA:1367,0
DA:1375,1
DA:1376,0
DA:1378,0
DA:1385,1
DA:1387,0
DA:1388,0
DA:1395,1
DA:1396,6
DA:1397,6
DA:1398,6
DA:1399,6
DA:1400,6
DA:1401,6
DA:1402,6
DA:1403,6
DA:1404,6
DA:1405,6
DA:1406,6
DA:1407,6
DA:1409,6
DA:1410,0
DA:1419,1
DA:1420,0
DA:1421,0
DA:1422,0
DA:1423,0
DA:1426,0
DA:1427,0
DA:1428,0
DA:1438,1
DA:1439,11
DA:1440,11
DA:1441,0
DA:1453,1
DA:1455,15
DA:1456,15
DA:1457,0
DA:1463,1
DA:1474,1
DA:1475,1
DA:1476,1
DA:1478,1
DA:1480,0
DA:1482,0
DA:1483,0
DA:1487,1
LF:683
LH:486
BRDA:37,1,0,1
BRDA:37,1,1,0
BRDA:39,2,0,1
BRDA:39,2,1,0
BRDA:166,3,0,0
BRDA:166,3,1,0
BRDA:183,4,0,1
BRDA:183,4,1,1
BRDA:203,5,0,0
BRDA:203,5,1,0
BRDA:227,6,0,2
BRDA:227,6,1,0
BRDA:229,7,0,0
BRDA:229,7,1,2
BRDA:233,8,0,2
BRDA:233,8,1,0
BRDA:237,9,0,2
BRDA:237,9,1,0
BRDA:295,10,0,2
BRDA:295,10,1,0
BRDA:298,11,0,0
BRDA:298,11,1,2
BRDA:307,12,0,2
BRDA:307,12,1,0
BRDA:355,13,0,2
BRDA:355,13,1,0
BRDA:358,14,0,0
BRDA:358,14,1,2
BRDA:360,15,0,2
BRDA:360,15,1,0
BRDA:362,16,0,2
BRDA:362,16,1,0
BRDA:367,17,0,2
BRDA:367,17,1,0
BRDA:374,18,0,0
BRDA:374,18,1,2
BRDA:420,19,0,1
BRDA:420,19,1,2
BRDA:424,20,0,1
BRDA:424,20,1,1
BRDA:428,21,0,1
BRDA:428,21,1,0
BRDA:442,22,0,0
BRDA:442,22,1,0
BRDA:445,23,0,0
BRDA:445,23,1,0
BRDA:445,24,0,0
BRDA:445,24,1,0
BRDA:466,25,0,2
BRDA:466,25,1,0
BRDA:469,26,0,2
BRDA:469,26,1,0
BRDA:475,27,0,1
BRDA:475,27,1,1
BRDA:481,28,0,2
BRDA:481,28,1,0
BRDA:486,29,0,1
BRDA:486,29,1,1
BRDA:511,30,0,3
BRDA:511,30,1,0
BRDA:512,31,0,2
BRDA:512,31,1,1
BRDA:514,32,0,2
BRDA:514,32,1,0
BRDA:515,33,0,1
BRDA:515,33,1,1
BRDA:541,34,0,1
BRDA:541,34,1,0
BRDA:569,35,0,2
BRDA:569,35,1,0
BRDA:573,36,0,2
BRDA:573,36,1,0
BRDA:577,37,0,1
BRDA:577,37,1,1
BRDA:587,38,0,2
BRDA:587,38,1,0
BRDA:591,39,0,1
BRDA:591,39,1,1
BRDA:619,40,0,2
BRDA:619,40,1,5
BRDA:619,41,0,7
BRDA:619,41,1,4
BRDA:632,42,0,1
BRDA:632,42,1,0
BRDA:674,43,0,0
BRDA:674,43,1,0
BRDA:685,44,0,2
BRDA:685,44,1,0
BRDA:689,45,0,2
BRDA:689,45,1,0
BRDA:693,46,0,1
BRDA:693,46,1,1
BRDA:714,47,0,1
BRDA:714,47,1,1
BRDA:737,48,0,1
BRDA:737,48,1,0
BRDA:800,49,0,0
BRDA:800,49,1,0
BRDA:812,50,0,0
BRDA:812,50,1,0
BRDA:854,51,0,0
BRDA:854,51,1,1
BRDA:872,52,0,6
BRDA:872,52,1,6
BRDA:873,53,0,4
BRDA:873,53,1,2
BRDA:883,54,0,4
BRDA:883,54,1,8
BRDA:908,55,0,2
BRDA:908,55,1,2
BRDA:909,56,0,2
BRDA:909,56,1,0
BRDA:938,57,0,0
BRDA:938,57,1,1
BRDA:956,58,0,6
BRDA:956,58,1,6
BRDA:957,59,0,4
BRDA:957,59,1,2
BRDA:967,60,0,4
BRDA:967,60,1,8
BRDA:992,61,0,2
BRDA:992,61,1,2
BRDA:993,62,0,2
BRDA:993,62,1,0
BRDA:1023,63,0,0
BRDA:1023,63,1,1
BRDA:1059,64,0,0
BRDA:1059,64,1,3
BRDA:1069,65,0,2
BRDA:1069,65,1,2
BRDA:1106,66,0,0
BRDA:1106,66,1,0
BRDA:1116,67,0,0
BRDA:1116,67,1,0
BRDA:1134,68,0,0
BRDA:1134,68,1,0
BRDA:1139,69,0,0
BRDA:1139,69,1,0
BRDA:1149,70,0,2
BRDA:1149,70,1,2
BRDA:1149,70,2,2
BRDA:1149,70,3,2
BRDA:1149,70,4,2
BRDA:1163,71,0,0
BRDA:1163,71,1,0
BRDA:1173,72,0,0
BRDA:1173,72,1,0
BRDA:1192,73,0,0
BRDA:1192,73,1,0
BRDA:1197,74,0,0
BRDA:1197,74,1,0
BRDA:1237,75,0,2
BRDA:1237,75,1,2
BRDA:1237,75,2,2
BRDA:1237,75,3,2
BRDA:1237,75,4,2
BRDA:1251,76,0,0
BRDA:1251,76,1,0
BRDA:1261,77,0,0
BRDA:1261,77,1,0
BRDA:1279,78,0,0
BRDA:1279,78,1,0
BRDA:1284,79,0,0
BRDA:1284,79,1,0
BRDA:1344,80,0,0
BRDA:1344,80,1,0
BRDA:1409,81,0,0
BRDA:1409,81,1,6
BRDA:1422,82,0,0
BRDA:1422,82,1,0
BRDA:1455,83,0,15
BRDA:1455,83,1,0
BRDA:1476,84,0,1
BRDA:1476,84,1,0
BRDA:1480,85,0,0
BRDA:1480,85,1,0
BRDA:1482,86,0,0
BRDA:1482,86,1,0
BRF:178
BRH:92
end_of_record
TN:
SF:/Users/tgashby/Documents/Projects/PolyXpress/PolyXpressServer/public/PolyXpress/Author/src/lib/mhLog/mhlog.js
FN:37,(anonymous_1)
FN:64,setShowStackTrace
FN:70,setLoggingLevel
FN:76,log
FN:92,levelValid
FN:97,logCallTrace
FN:119,timestamp
FNF:7
FNH:5
FNDA:3,(anonymous_1)
FNDA:0,setShowStackTrace
FNDA:1,setLoggingLevel
FNDA:14,log
FNDA:15,levelValid
FNDA:0,logCallTrace
FNDA:11,timestamp
DA:37,1
DA:47,3
DA:54,3
DA:55,3
DA:64,1
DA:65,0
DA:66,0
DA:70,1
DA:71,1
DA:72,1
DA:76,1
DA:77,14
DA:78,14
DA:79,11
DA:80,0
DA:81,11
DA:82,11
DA:85,3
DA:92,1
DA:93,15
DA:97,1
DA:98,0
DA:100,0
DA:101,0
DA:104,0
DA:105,0
DA:106,0
DA:107,0
DA:108,0
DA:109,0
DA:112,0
DA:114,0
DA:119,1
DA:120,11
DA:121,11
DA:128,3
LF:36
LH:22
BRDA:65,1,0,0
BRDA:65,1,1,0
BRDA:71,2,0,1
BRDA:71,2,1,0
BRDA:77,3,0,14
BRDA:77,3,1,0
BRDA:78,4,0,11
BRDA:78,4,1,3
BRDA:79,5,0,0
BRDA:79,5,1,11
BRDA:93,6,0,15
BRDA:93,6,1,15
BRDA:104,7,0,0
BRDA:104,7,1,0
BRDA:107,8,0,0
BRDA:107,8,1,0
BRF:16
BRH:7
end_of_record
TN:
SF:/Users/tgashby/Documents/Projects/PolyXpress/PolyXpressServer/public/PolyXpress/Author/src/js/peDesignerModel.js
FN:18,(anonymous_1)
FN:26,(anonymous_2)
FN:44,(anonymous_3)
FN:53,(anonymous_4)
FN:62,(anonymous_5)
FN:66,findByID
FN:80,(anonymous_7)
FN:89,(anonymous_8)
FN:98,(anonymous_9)
FN:102,updateItem
FN:118,(anonymous_11)
FN:127,(anonymous_12)
FN:136,(anonymous_13)
FN:140,deleteItem
FN:156,(anonymous_15)
FN:166,(anonymous_16)
FN:176,(anonymous_17)
FN:181,populateMap
FN:184,(anonymous_19)
FN:201,getGlobalContainer
FNF:20
FNH:20
FNDA:1,(anonymous_1)
FNDA:1,(anonymous_2)
FNDA:2,(anonymous_3)
FNDA:2,(anonymous_4)
FNDA:2,(anonymous_5)
FNDA:6,findByID
FNDA:1,(anonymous_7)
FNDA:1,(anonymous_8)
FNDA:1,(anonymous_9)
FNDA:3,updateItem
FNDA:1,(anonymous_11)
FNDA:1,(anonymous_12)
FNDA:1,(anonymous_13)
FNDA:3,deleteItem
FNDA:1,(anonymous_15)
FNDA:1,(anonymous_16)
FNDA:1,(anonymous_17)
FNDA:3,populateMap
FNDA:9,(anonymous_19)
FNDA:1,getGlobalContainer
DA:18,1
DA:22,1
DA:23,1
DA:26,1
DA:30,1
DA:33,1
DA:35,1
DA:37,1
DA:44,1
DA:45,2
DA:53,1
DA:54,2
DA:62,1
DA:63,2
DA:66,1
DA:67,6
DA:69,6
DA:70,6
DA:71,3
DA:80,1
DA:81,1
DA:89,1
DA:90,1
DA:98,1
DA:99,1
DA:102,1
DA:103,3
DA:104,3
DA:106,3
DA:107,3
DA:108,3
DA:118,1
DA:119,1
DA:127,1
DA:128,1
DA:136,1
DA:137,1
DA:140,1
DA:141,3
DA:143,3
DA:144,3
DA:145,3
DA:146,3
DA:156,1
DA:157,1
DA:158,1
DA:166,1
DA:167,1
DA:168,1
DA:176,1
DA:177,1
DA:178,1
DA:181,1
DA:182,3
DA:184,3
DA:185,9
DA:190,1
DA:201,1
DA:202,1
DA:203,1
DA:205,1
DA:207,0
DA:209,0
DA:210,0
DA:214,1
LF:65
LH:62
BRDA:70,1,0,3
BRDA:70,1,1,3
BRDA:107,2,0,3
BRDA:107,2,1,0
BRDA:144,3,0,3
BRDA:144,3,1,0
BRDA:203,4,0,1
BRDA:203,4,1,0
BRDA:207,5,0,0
BRDA:207,5,1,0
BRDA:209,6,0,0
BRDA:209,6,1,0
BRF:12
BRH:5
end_of_record
TN:
SF:/Users/tgashby/Documents/Projects/PolyXpress/PolyXpressServer/public/PolyXpress/Author/src/js/peDesignerServer.js
FN:20,(anonymous_1)
FN:28,(anonymous_2)
FN:49,(anonymous_3)
FN:53,(anonymous_4)
FN:77,(anonymous_5)
FN:79,(anonymous_6)
FN:110,(anonymous_7)
FN:112,(anonymous_8)
FN:137,(anonymous_9)
FN:139,(anonymous_10)
FN:165,(anonymous_11)
FN:167,(anonymous_12)
FN:193,(anonymous_13)
FN:195,(anonymous_14)
FN:221,(anonymous_15)
FN:223,(anonymous_16)
FN:249,(anonymous_17)
FN:252,(anonymous_18)
FN:278,(anonymous_19)
FN:281,(anonymous_20)
FN:303,(anonymous_21)
FN:306,(anonymous_22)
FN:328,(anonymous_23)
FN:338,(anonymous_24)
FN:348,(anonymous_25)
FN:354,(anonymous_26)
FN:363,getAuthorByName
FN:366,(anonymous_28)
FN:391,updateAuthorInformation
FN:393,(anonymous_30)
FN:415,getAuthorInformation
FN:419,(anonymous_32)
FN:440,getAllStories
FN:443,(anonymous_34)
FN:464,getAllChapters
FN:466,(anonymous_36)
FN:487,getAllEvents
FN:489,(anonymous_38)
FN:510,displayError
FN:526,getGlobalContainer
FNF:40
FNH:29
FNDA:1,(anonymous_1)
FNDA:1,(anonymous_2)
FNDA:1,(anonymous_3)
FNDA:1,(anonymous_4)
FNDA:1,(anonymous_5)
FNDA:1,(anonymous_6)
FNDA:1,(anonymous_7)
FNDA:1,(anonymous_8)
FNDA:1,(anonymous_9)
FNDA:1,(anonymous_10)
FNDA:1,(anonymous_11)
FNDA:1,(anonymous_12)
FNDA:1,(anonymous_13)
FNDA:1,(anonymous_14)
FNDA:1,(anonymous_15)
FNDA:1,(anonymous_16)
FNDA:1,(anonymous_17)
FNDA:1,(anonymous_18)
FNDA:1,(anonymous_19)
FNDA:1,(anonymous_20)
FNDA:1,(anonymous_21)
FNDA:1,(anonymous_22)
FNDA:1,(anonymous_23)
FNDA:1,(anonymous_24)
FNDA:0,(anonymous_25)
FNDA:0,(anonymous_26)
FNDA:1,getAuthorByName
FNDA:1,(anonymous_28)
FNDA:1,updateAuthorInformation
FNDA:1,(anonymous_30)
FNDA:0,getAuthorInformation
FNDA:0,(anonymous_32)
FNDA:0,getAllStories
FNDA:0,(anonymous_34)
FNDA:0,getAllChapters
FNDA:0,(anonymous_36)
FNDA:0,getAllEvents
FNDA:0,(anonymous_38)
FNDA:0,displayError
FNDA:1,getGlobalContainer
DA:20,1
DA:24,1
DA:25,1
DA:28,1
DA:32,1
DA:34,1
DA:38,1
DA:49,1
DA:50,1
DA:52,1
DA:53,1
DA:54,1
DA:55,1
DA:57,1
DA:58,1
DA:59,1
DA:62,0
DA:66,1
DA:67,1
DA:77,1
DA:78,1
DA:79,1
DA:80,1
DA:81,1
DA:82,1
DA:83,1
DA:89,1
DA:90,1
DA:93,0
DA:98,1
DA:99,1
DA:101,1
DA:110,1
DA:111,1
DA:112,1
DA:113,1
DA:114,1
DA:115,1
DA:116,1
DA:117,1
DA:125,1
DA:126,1
DA:128,1
DA:137,1
DA:138,1
DA:139,1
DA:140,1
DA:141,1
DA:142,1
DA:143,1
DA:144,1
DA:152,1
DA:153,1
DA:155,1
DA:165,1
DA:166,1
DA:167,1
DA:168,1
DA:169,1
DA:170,1
DA:171,1
DA:172,1
DA:180,1
DA:181,1
DA:183,1
DA:193,1
DA:194,1
DA:195,1
DA:196,1
DA:197,1
DA:198,1
DA:199,1
DA:200,1
DA:208,1
DA:209,1
DA:211,1
DA:221,1
DA:222,1
DA:223,1
DA:224,1
DA:225,1
DA:226,1
DA:227,1
DA:228,1
DA:236,1
DA:237,1
DA:239,1
DA:249,1
DA:250,1
DA:252,1
DA:253,1
DA:254,1
DA:255,1
DA:256,1
DA:260,1
DA:261,1
DA:268,1
DA:269,1
DA:278,1
DA:279,1
DA:281,1
DA:282,1
DA:283,1
DA:284,1
DA:285,1
DA:286,1
DA:293,1
DA:294,1
DA:303,1
DA:304,1
DA:306,1
DA:307,1
DA:308,1
DA:309,1
DA:310,1
DA:311,1
DA:318,1
DA:319,1
DA:328,1
DA:329,1
DA:330,1
DA:338,1
DA:339,1
DA:348,1
DA:349,0
DA:350,0
DA:355,0
DA:363,1
DA:364,1
DA:365,1
DA:366,1
DA:367,1
DA:368,1
DA:369,1
DA:370,1
DA:372,1
DA:373,1
DA:374,1
DA:378,0
DA:382,0
DA:383,0
DA:387,1
DA:388,1
DA:391,1
DA:392,1
DA:393,1
DA:394,1
DA:395,1
DA:396,1
DA:397,1
DA:400,0
DA:404,1
DA:405,1
DA:406,1
DA:415,1
DA:416,0
DA:418,0
DA:419,0
DA:420,0
DA:421,0
DA:422,0
DA:423,0
DA:424,0
DA:425,0
DA:428,0
DA:432,0
DA:433,0
DA:440,1
DA:441,0
DA:442,0
DA:443,0
DA:444,0
DA:445,0
DA:446,0
DA:447,0
DA:448,0
DA:451,0
DA:455,0
DA:456,0
DA:464,1
DA:465,0
DA:466,0
DA:467,0
DA:468,0
DA:469,0
DA:470,0
DA:471,0
DA:474,0
DA:478,0
DA:479,0
DA:487,1
DA:488,0
DA:489,0
DA:490,0
DA:491,0
DA:492,0
DA:493,0
DA:494,0
DA:497,0
DA:501,0
DA:502,0
DA:510,1
DA:511,0
DA:515,1
DA:526,1
DA:527,1
DA:528,1
DA:530,1
DA:531,1
DA:533,0
DA:535,0
DA:536,0
DA:537,0
DA:541,1
LF:214
LH:157
BRDA:34,1,0,1
BRDA:34,1,1,0
BRDA:54,2,0,1
BRDA:54,2,1,0
BRDA:80,3,0,1
BRDA:80,3,1,0
BRDA:81,4,0,1
BRDA:81,4,1,0
BRDA:113,5,0,1
BRDA:113,5,1,0
BRDA:114,6,0,1
BRDA:114,6,1,0
BRDA:140,7,0,1
BRDA:140,7,1,0
BRDA:141,8,0,1
BRDA:141,8,1,0
BRDA:168,9,0,1
BRDA:168,9,1,0
BRDA:169,10,0,1
BRDA:169,10,1,0
BRDA:196,11,0,1
BRDA:196,11,1,0
BRDA:197,12,0,1
BRDA:197,12,1,0
BRDA:224,13,0,1
BRDA:224,13,1,0
BRDA:225,14,0,1
BRDA:225,14,1,0
BRDA:254,15,0,1
BRDA:254,15,1,0
BRDA:283,16,0,1
BRDA:283,16,1,0
BRDA:308,17,0,1
BRDA:308,17,1,0
BRDA:329,18,0,1
BRDA:329,18,1,0
BRDA:369,19,0,1
BRDA:369,19,1,0
BRDA:370,20,0,1
BRDA:370,20,1,0
BRDA:373,21,0,1
BRDA:373,21,1,0
BRDA:394,22,0,1
BRDA:394,22,1,0
BRDA:395,23,0,1
BRDA:395,23,1,0
BRDA:420,24,0,0
BRDA:420,24,1,0
BRDA:445,25,0,0
BRDA:445,25,1,0
BRDA:468,26,0,0
BRDA:468,26,1,0
BRDA:491,27,0,0
BRDA:491,27,1,0
BRDA:528,28,0,1
BRDA:528,28,1,0
BRDA:533,29,0,0
BRDA:533,29,1,0
BRDA:535,30,0,0
BRDA:535,30,1,0
BRF:60
BRH:24
end_of_record
