{"/Users/tgashby/Documents/Projects/PolyXpress/PolyXpressServer/public/PolyXpress/Author/src/js/peDesignerController.js":{"path":"/Users/tgashby/Documents/Projects/PolyXpress/PolyXpressServer/public/PolyXpress/Author/src/js/peDesignerController.js","s":{"1":1,"2":1,"3":1,"4":1,"5":1,"6":1,"7":1,"8":1,"9":1,"10":1,"11":1,"12":1,"13":1,"14":1,"15":1,"16":1,"17":0,"18":0,"19":0,"20":0,"21":1,"22":0,"23":1,"24":1,"25":0,"26":0,"27":0,"28":0,"29":0,"30":0,"31":0,"32":0,"33":0,"34":0,"35":0,"36":0,"37":0,"38":0,"39":0,"40":0,"41":0,"42":0,"43":0,"44":0,"45":0,"46":0,"47":0,"48":0,"49":0,"50":0,"51":0,"52":0,"53":0,"54":0,"55":0,"56":1,"57":2,"58":1,"59":1,"60":1,"61":1,"62":1,"63":0,"64":0,"65":0,"66":0,"67":0,"68":1,"69":1,"70":1,"71":2,"72":2,"73":2,"74":2,"75":2,"76":2,"77":2,"78":2,"79":2,"80":2,"81":2,"82":2,"83":2,"84":2,"85":2,"86":2,"87":2,"88":2,"89":2,"90":2,"91":2,"92":2,"93":2,"94":1,"95":2,"96":2,"97":2,"98":2,"99":2,"100":2,"101":2,"102":2,"103":2,"104":1,"105":1,"106":1,"107":2,"108":2,"109":2,"110":2,"111":2,"112":2,"113":2,"114":2,"115":2,"116":2,"117":2,"118":2,"119":2,"120":2,"121":2,"122":2,"123":2,"124":2,"125":2,"126":2,"127":2,"128":1,"129":2,"130":2,"131":2,"132":2,"133":2,"134":2,"135":2,"136":2,"137":2,"138":1,"139":1,"140":1,"141":2,"142":2,"143":2,"144":2,"145":2,"146":2,"147":2,"148":2,"149":2,"150":2,"151":2,"152":2,"153":2,"154":2,"155":2,"156":2,"157":2,"158":2,"159":2,"160":2,"161":0,"162":2,"163":2,"164":2,"165":2,"166":1,"167":2,"168":2,"169":2,"170":2,"171":2,"172":2,"173":2,"174":2,"175":1,"176":3,"177":3,"178":3,"179":1,"180":1,"181":1,"182":2,"183":1,"184":1,"185":1,"186":1,"187":1,"188":1,"189":1,"190":3,"191":1,"192":0,"193":0,"194":0,"195":0,"196":0,"197":0,"198":0,"199":1,"200":2,"201":2,"202":2,"203":2,"204":2,"205":2,"206":2,"207":2,"208":2,"209":2,"210":1,"211":2,"212":2,"213":2,"214":2,"215":2,"216":2,"217":2,"218":2,"219":1,"220":1,"221":1,"222":1,"223":2,"224":2,"225":2,"226":0,"227":0,"228":1,"229":3,"230":3,"231":3,"232":2,"233":2,"234":2,"235":1,"236":1,"237":2,"238":2,"239":2,"240":0,"241":0,"242":1,"243":1,"244":1,"245":1,"246":1,"247":1,"248":1,"249":1,"250":1,"251":2,"252":2,"253":2,"254":2,"255":2,"256":2,"257":2,"258":2,"259":2,"260":1,"261":2,"262":2,"263":2,"264":2,"265":2,"266":2,"267":2,"268":2,"269":2,"270":2,"271":2,"272":1,"273":1,"274":1,"275":1,"276":2,"277":2,"278":2,"279":0,"280":0,"281":1,"282":4,"283":4,"284":7,"285":7,"286":2,"287":2,"288":1,"289":1,"290":1,"291":1,"292":1,"293":1,"294":1,"295":1,"296":1,"297":0,"298":0,"299":0,"300":1,"301":0,"302":0,"303":0,"304":0,"305":0,"306":0,"307":1,"308":2,"309":2,"310":2,"311":2,"312":2,"313":2,"314":2,"315":2,"316":2,"317":1,"318":2,"319":2,"320":2,"321":2,"322":2,"323":2,"324":2,"325":2,"326":2,"327":0,"328":0,"329":0,"330":0,"331":0,"332":2,"333":2,"334":1,"335":1,"336":1,"337":1,"338":2,"339":2,"340":2,"341":0,"342":0,"343":1,"344":1,"345":1,"346":1,"347":1,"348":1,"349":1,"350":1,"351":1,"352":0,"353":1,"354":0,"355":1,"356":9,"357":1,"358":0,"359":0,"360":0,"361":0,"362":0,"363":0,"364":0,"365":0,"366":0,"367":0,"368":0,"369":0,"370":0,"371":0,"372":0,"373":1,"374":2,"375":2,"376":2,"377":2,"378":2,"379":1,"380":1,"381":1,"382":1,"383":1,"384":3,"385":3,"386":3,"387":3,"388":1,"389":0,"390":1,"391":4,"392":4,"393":4,"394":4,"395":4,"396":12,"397":6,"398":4,"399":12,"400":12,"401":12,"402":12,"403":12,"404":12,"405":4,"406":12,"407":12,"408":12,"409":12,"410":12,"411":12,"412":4,"413":1,"414":4,"415":4,"416":2,"417":2,"418":4,"419":1,"420":1,"421":1,"422":1,"423":1,"424":3,"425":3,"426":3,"427":3,"428":1,"429":0,"430":1,"431":4,"432":4,"433":4,"434":4,"435":4,"436":12,"437":6,"438":4,"439":12,"440":12,"441":12,"442":12,"443":12,"444":12,"445":4,"446":12,"447":12,"448":12,"449":12,"450":12,"451":12,"452":4,"453":1,"454":4,"455":4,"456":2,"457":2,"458":4,"459":1,"460":1,"461":1,"462":1,"463":1,"464":3,"465":3,"466":3,"467":3,"468":1,"469":0,"470":1,"471":3,"472":3,"473":3,"474":3,"475":3,"476":3,"477":3,"478":9,"479":9,"480":9,"481":9,"482":9,"483":9,"484":9,"485":9,"486":3,"487":0,"488":1,"489":2,"490":1,"491":6,"492":6,"493":6,"494":6,"495":6,"496":6,"497":6,"498":6,"499":6,"500":6,"501":6,"502":6,"503":6,"504":6,"505":6,"506":1,"507":0,"508":0,"509":0,"510":0,"511":0,"512":0,"513":0,"514":0,"515":0,"516":0,"517":0,"518":0,"519":1,"520":0,"521":0,"522":0,"523":0,"524":0,"525":0,"526":0,"527":0,"528":0,"529":0,"530":1,"531":2,"532":1,"533":0,"534":0,"535":0,"536":0,"537":0,"538":0,"539":0,"540":0,"541":0,"542":0,"543":0,"544":0,"545":1,"546":0,"547":0,"548":0,"549":0,"550":0,"551":0,"552":0,"553":0,"554":0,"555":0,"556":1,"557":0,"558":0,"559":1,"560":6,"561":6,"562":6,"563":6,"564":6,"565":6,"566":6,"567":6,"568":6,"569":6,"570":6,"571":6,"572":6,"573":1,"574":2,"575":1,"576":0,"577":0,"578":0,"579":0,"580":0,"581":0,"582":0,"583":0,"584":0,"585":0,"586":0,"587":0,"588":1,"589":0,"590":0,"591":0,"592":0,"593":0,"594":0,"595":0,"596":0,"597":0,"598":0,"599":1,"600":2,"601":2,"602":2,"603":2,"604":2,"605":2,"606":2,"607":2,"608":2,"609":2,"610":2,"611":2,"612":2,"613":2,"614":2,"615":1,"616":0,"617":0,"618":0,"619":0,"620":0,"621":0,"622":1,"623":0,"624":0,"625":0,"626":0,"627":0,"628":1,"629":0,"630":0,"631":0,"632":0,"633":0,"634":0,"635":0,"636":0,"637":0,"638":1,"639":0,"640":0,"641":1,"642":0,"643":0,"644":1,"645":6,"646":6,"647":6,"648":6,"649":6,"650":6,"651":6,"652":6,"653":6,"654":6,"655":6,"656":6,"657":6,"658":0,"659":1,"660":0,"661":0,"662":0,"663":0,"664":0,"665":0,"666":0,"667":1,"668":11,"669":11,"670":0,"671":1,"672":15,"673":15,"674":0,"675":1,"676":1,"677":1,"678":1,"679":1,"680":0,"681":0,"682":0,"683":1},"b":{"1":[1,0],"2":[1,0],"3":[0,0],"4":[1,1],"5":[0,0],"6":[2,0],"7":[0,2],"8":[2,0],"9":[2,0],"10":[2,0],"11":[0,2],"12":[2,0],"13":[2,0],"14":[0,2],"15":[2,0],"16":[2,0],"17":[2,0],"18":[0,2],"19":[1,2],"20":[1,1],"21":[1,0],"22":[0,0],"23":[0,0],"24":[0,0],"25":[2,0],"26":[2,0],"27":[1,1],"28":[2,0],"29":[1,1],"30":[3,0],"31":[2,1],"32":[2,0],"33":[1,1],"34":[1,0],"35":[2,0],"36":[2,0],"37":[1,1],"38":[2,0],"39":[1,1],"40":[2,5],"41":[7,4],"42":[1,0],"43":[0,0],"44":[2,0],"45":[2,0],"46":[1,1],"47":[1,1],"48":[1,0],"49":[0,0],"50":[0,0],"51":[0,1],"52":[6,6],"53":[4,2],"54":[4,8],"55":[2,2],"56":[2,0],"57":[0,1],"58":[6,6],"59":[4,2],"60":[4,8],"61":[2,2],"62":[2,0],"63":[0,1],"64":[0,3],"65":[2,2],"66":[0,0],"67":[0,0],"68":[0,0],"69":[0,0],"70":[2,2,2,2,2],"71":[0,0],"72":[0,0],"73":[0,0],"74":[0,0],"75":[2,2,2,2,2],"76":[0,0],"77":[0,0],"78":[0,0],"79":[0,0],"80":[0,0],"81":[0,6],"82":[0,0],"83":[15,0],"84":[1,0],"85":[0,0],"86":[0,0]},"f":{"1":1,"2":1,"3":1,"4":0,"5":0,"6":0,"7":0,"8":0,"9":0,"10":2,"11":0,"12":1,"13":2,"14":2,"15":1,"16":2,"17":2,"18":1,"19":2,"20":2,"21":3,"22":0,"23":2,"24":3,"25":1,"26":1,"27":2,"28":4,"29":1,"30":1,"31":0,"32":0,"33":2,"34":1,"35":1,"36":0,"37":0,"38":9,"39":0,"40":2,"41":1,"42":4,"43":4,"44":1,"45":4,"46":4,"47":1,"48":3,"49":9,"50":2,"51":6,"52":0,"53":0,"54":2,"55":0,"56":0,"57":0,"58":6,"59":2,"60":0,"61":0,"62":2,"63":0,"64":0,"65":0,"66":0,"67":0,"68":0,"69":6,"70":0,"71":11,"72":0,"73":15,"74":1},"fnMap":{"1":{"name":"(anonymous_1)","line":21,"loc":{"start":{"line":21,"column":1},"end":{"line":21,"column":22}}},"2":{"name":"(anonymous_2)","line":29,"loc":{"start":{"line":29,"column":24},"end":{"line":29,"column":53}}},"3":{"name":"(anonymous_3)","line":50,"loc":{"start":{"line":50,"column":47},"end":{"line":50,"column":59}}},"4":{"name":"(anonymous_4)","line":63,"loc":{"start":{"line":63,"column":38},"end":{"line":63,"column":50}}},"5":{"name":"(anonymous_5)","line":65,"loc":{"start":{"line":65,"column":52},"end":{"line":65,"column":64}}},"6":{"name":"(anonymous_6)","line":87,"loc":{"start":{"line":87,"column":32},"end":{"line":87,"column":44}}},"7":{"name":"(anonymous_7)","line":96,"loc":{"start":{"line":96,"column":33},"end":{"line":96,"column":45}}},"8":{"name":"(anonymous_8)","line":108,"loc":{"start":{"line":108,"column":39},"end":{"line":108,"column":51}}},"9":{"name":"(anonymous_9)","line":165,"loc":{"start":{"line":165,"column":27},"end":{"line":165,"column":47}}},"10":{"name":"(anonymous_10)","line":181,"loc":{"start":{"line":181,"column":28},"end":{"line":181,"column":40}}},"11":{"name":"(anonymous_11)","line":198,"loc":{"start":{"line":198,"column":31},"end":{"line":198,"column":43}}},"12":{"name":"(anonymous_12)","line":214,"loc":{"start":{"line":214,"column":32},"end":{"line":214,"column":44}}},"13":{"name":"(anonymous_13)","line":223,"loc":{"start":{"line":223,"column":27},"end":{"line":223,"column":41}}},"14":{"name":"(anonymous_14)","line":263,"loc":{"start":{"line":263,"column":27},"end":{"line":263,"column":39}}},"15":{"name":"(anonymous_15)","line":282,"loc":{"start":{"line":282,"column":34},"end":{"line":282,"column":46}}},"16":{"name":"(anonymous_16)","line":291,"loc":{"start":{"line":291,"column":29},"end":{"line":291,"column":43}}},"17":{"name":"(anonymous_17)","line":321,"loc":{"start":{"line":321,"column":29},"end":{"line":321,"column":41}}},"18":{"name":"(anonymous_18)","line":341,"loc":{"start":{"line":341,"column":32},"end":{"line":341,"column":44}}},"19":{"name":"(anonymous_19)","line":350,"loc":{"start":{"line":350,"column":27},"end":{"line":350,"column":41}}},"20":{"name":"(anonymous_20)","line":391,"loc":{"start":{"line":391,"column":27},"end":{"line":391,"column":39}}},"21":{"name":"(anonymous_21)","line":416,"loc":{"start":{"line":416,"column":36},"end":{"line":416,"column":66}}},"22":{"name":"(anonymous_22)","line":439,"loc":{"start":{"line":439,"column":28},"end":{"line":439,"column":58}}},"23":{"name":"(anonymous_23)","line":464,"loc":{"start":{"line":464,"column":31},"end":{"line":464,"column":43}}},"24":{"name":"(anonymous_24)","line":509,"loc":{"start":{"line":509,"column":36},"end":{"line":509,"column":49}}},"25":{"name":"(anonymous_25)","line":540,"loc":{"start":{"line":540,"column":31},"end":{"line":540,"column":43}}},"26":{"name":"(anonymous_26)","line":554,"loc":{"start":{"line":554,"column":31},"end":{"line":554,"column":43}}},"27":{"name":"(anonymous_27)","line":566,"loc":{"start":{"line":566,"column":33},"end":{"line":566,"column":45}}},"28":{"name":"(anonymous_28)","line":614,"loc":{"start":{"line":614,"column":39},"end":{"line":614,"column":62}}},"29":{"name":"(anonymous_29)","line":631,"loc":{"start":{"line":631,"column":33},"end":{"line":631,"column":45}}},"30":{"name":"(anonymous_30)","line":644,"loc":{"start":{"line":644,"column":33},"end":{"line":644,"column":45}}},"31":{"name":"(anonymous_31)","line":656,"loc":{"start":{"line":656,"column":27},"end":{"line":656,"column":39}}},"32":{"name":"(anonymous_32)","line":668,"loc":{"start":{"line":668,"column":31},"end":{"line":668,"column":43}}},"33":{"name":"(anonymous_33)","line":682,"loc":{"start":{"line":682,"column":31},"end":{"line":682,"column":43}}},"34":{"name":"(anonymous_34)","line":736,"loc":{"start":{"line":736,"column":31},"end":{"line":736,"column":43}}},"35":{"name":"(anonymous_35)","line":750,"loc":{"start":{"line":750,"column":31},"end":{"line":750,"column":43}}},"36":{"name":"(anonymous_36)","line":763,"loc":{"start":{"line":763,"column":34},"end":{"line":763,"column":46}}},"37":{"name":"(anonymous_37)","line":772,"loc":{"start":{"line":772,"column":32},"end":{"line":772,"column":44}}},"38":{"name":"(anonymous_38)","line":786,"loc":{"start":{"line":786,"column":29},"end":{"line":786,"column":41}}},"39":{"name":"populateAuthorSearchList","line":798,"loc":{"start":{"line":798,"column":8},"end":{"line":798,"column":64}}},"40":{"name":"useAuthorData","line":823,"loc":{"start":{"line":823,"column":8},"end":{"line":823,"column":38}}},"41":{"name":"populateStoryList","line":839,"loc":{"start":{"line":839,"column":8},"end":{"line":839,"column":37}}},"42":{"name":"populateStoryChapterCheckboxes","line":864,"loc":{"start":{"line":864,"column":8},"end":{"line":864,"column":66}}},"43":{"name":"populateStoryChapterList","line":906,"loc":{"start":{"line":906,"column":8},"end":{"line":906,"column":49}}},"44":{"name":"populateChapterList","line":923,"loc":{"start":{"line":923,"column":8},"end":{"line":923,"column":39}}},"45":{"name":"populateChapterEventCheckboxes","line":948,"loc":{"start":{"line":948,"column":8},"end":{"line":948,"column":64}}},"46":{"name":"populateChapterEventList","line":990,"loc":{"start":{"line":990,"column":8},"end":{"line":990,"column":51}}},"47":{"name":"populateEventList","line":1008,"loc":{"start":{"line":1008,"column":8},"end":{"line":1008,"column":37}}},"48":{"name":"addCurrentAuthors","line":1037,"loc":{"start":{"line":1037,"column":8},"end":{"line":1037,"column":62}}},"49":{"name":"(anonymous_49)","line":1047,"loc":{"start":{"line":1047,"column":28},"end":{"line":1047,"column":47}}},"50":{"name":"requiredStoryFieldsPresent","line":1068,"loc":{"start":{"line":1068,"column":8},"end":{"line":1068,"column":46}}},"51":{"name":"clearStoryData","line":1076,"loc":{"start":{"line":1076,"column":8},"end":{"line":1076,"column":34}}},"52":{"name":"removeAuthorFromStory","line":1102,"loc":{"start":{"line":1102,"column":8},"end":{"line":1102,"column":47}}},"53":{"name":"addAuthorToStory","line":1126,"loc":{"start":{"line":1126,"column":8},"end":{"line":1126,"column":50}}},"54":{"name":"requiredChapterFieldsPresent","line":1148,"loc":{"start":{"line":1148,"column":8},"end":{"line":1148,"column":48}}},"55":{"name":"removeAuthorFromChapter","line":1159,"loc":{"start":{"line":1159,"column":8},"end":{"line":1159,"column":49}}},"56":{"name":"addAuthorToChapter","line":1184,"loc":{"start":{"line":1184,"column":8},"end":{"line":1184,"column":52}}},"57":{"name":"setChapterGeolocationPoints","line":1206,"loc":{"start":{"line":1206,"column":8},"end":{"line":1206,"column":47}}},"58":{"name":"clearChapterData","line":1216,"loc":{"start":{"line":1216,"column":8},"end":{"line":1216,"column":36}}},"59":{"name":"requiredEventFieldsPresent","line":1236,"loc":{"start":{"line":1236,"column":8},"end":{"line":1236,"column":46}}},"60":{"name":"removeAuthorFromEvent","line":1247,"loc":{"start":{"line":1247,"column":8},"end":{"line":1247,"column":47}}},"61":{"name":"addAuthorToEvent","line":1271,"loc":{"start":{"line":1271,"column":8},"end":{"line":1271,"column":50}}},"62":{"name":"addToAssetList","line":1296,"loc":{"start":{"line":1296,"column":8},"end":{"line":1296,"column":51}}},"63":{"name":"showEditEventPopup","line":1324,"loc":{"start":{"line":1324,"column":8},"end":{"line":1324,"column":40}}},"64":{"name":"removeAssetFromList","line":1340,"loc":{"start":{"line":1340,"column":8},"end":{"line":1340,"column":41}}},"65":{"name":"updateAssetInList","line":1354,"loc":{"start":{"line":1354,"column":8},"end":{"line":1354,"column":39}}},"66":{"name":"(anonymous_66)","line":1359,"loc":{"start":{"line":1359,"column":23},"end":{"line":1359,"column":35}}},"67":{"name":"updateAsset","line":1375,"loc":{"start":{"line":1375,"column":8},"end":{"line":1375,"column":33}}},"68":{"name":"setEventGeolocationPoints","line":1385,"loc":{"start":{"line":1385,"column":8},"end":{"line":1385,"column":45}}},"69":{"name":"clearEventData","line":1395,"loc":{"start":{"line":1395,"column":8},"end":{"line":1395,"column":34}}},"70":{"name":"toggleIDinList","line":1419,"loc":{"start":{"line":1419,"column":8},"end":{"line":1419,"column":46}}},"71":{"name":"listHelper","line":1438,"loc":{"start":{"line":1438,"column":8},"end":{"line":1438,"column":48}}},"72":{"name":"(anonymous_72)","line":1440,"loc":{"start":{"line":1440,"column":19},"end":{"line":1440,"column":31}}},"73":{"name":"wipeChildrenList","line":1453,"loc":{"start":{"line":1453,"column":8},"end":{"line":1453,"column":38}}},"74":{"name":"getGlobalContainer","line":1474,"loc":{"start":{"line":1474,"column":0},"end":{"line":1474,"column":30}}}},"statementMap":{"1":{"start":{"line":21,"column":0},"end":{"line":1466,"column":25}},"2":{"start":{"line":25,"column":4},"end":{"line":25,"column":18}},"3":{"start":{"line":26,"column":4},"end":{"line":26,"column":19}},"4":{"start":{"line":29,"column":4},"end":{"line":1464,"column":6}},"5":{"start":{"line":34,"column":8},"end":{"line":34,"column":56}},"6":{"start":{"line":35,"column":8},"end":{"line":35,"column":49}},"7":{"start":{"line":37,"column":8},"end":{"line":37,"column":76}},"8":{"start":{"line":39,"column":8},"end":{"line":39,"column":75}},"9":{"start":{"line":42,"column":8},"end":{"line":42,"column":23}},"10":{"start":{"line":43,"column":8},"end":{"line":43,"column":30}},"11":{"start":{"line":44,"column":8},"end":{"line":44,"column":32}},"12":{"start":{"line":45,"column":8},"end":{"line":45,"column":30}},"13":{"start":{"line":50,"column":8},"end":{"line":53,"column":11}},"14":{"start":{"line":51,"column":12},"end":{"line":51,"column":71}},"15":{"start":{"line":52,"column":12},"end":{"line":52,"column":60}},"16":{"start":{"line":63,"column":8},"end":{"line":73,"column":10}},"17":{"start":{"line":64,"column":12},"end":{"line":64,"column":80}},"18":{"start":{"line":65,"column":12},"end":{"line":72,"column":15}},"19":{"start":{"line":66,"column":16},"end":{"line":66,"column":78}},"20":{"start":{"line":67,"column":16},"end":{"line":67,"column":36}},"21":{"start":{"line":87,"column":8},"end":{"line":90,"column":10}},"22":{"start":{"line":88,"column":12},"end":{"line":88,"column":62}},"23":{"start":{"line":96,"column":8},"end":{"line":98,"column":10}},"24":{"start":{"line":108,"column":8},"end":{"line":170,"column":10}},"25":{"start":{"line":109,"column":12},"end":{"line":109,"column":72}},"26":{"start":{"line":112,"column":12},"end":{"line":112,"column":83}},"27":{"start":{"line":114,"column":12},"end":{"line":114,"column":85}},"28":{"start":{"line":117,"column":12},"end":{"line":117,"column":90}},"29":{"start":{"line":118,"column":12},"end":{"line":118,"column":94}},"30":{"start":{"line":119,"column":12},"end":{"line":119,"column":90}},"31":{"start":{"line":124,"column":12},"end":{"line":124,"column":104}},"32":{"start":{"line":125,"column":12},"end":{"line":125,"column":104}},"33":{"start":{"line":126,"column":12},"end":{"line":126,"column":104}},"34":{"start":{"line":129,"column":12},"end":{"line":129,"column":82}},"35":{"start":{"line":130,"column":12},"end":{"line":130,"column":86}},"36":{"start":{"line":131,"column":12},"end":{"line":131,"column":82}},"37":{"start":{"line":134,"column":12},"end":{"line":135,"column":85}},"38":{"start":{"line":136,"column":12},"end":{"line":137,"column":89}},"39":{"start":{"line":138,"column":12},"end":{"line":139,"column":85}},"40":{"start":{"line":143,"column":12},"end":{"line":143,"column":88}},"41":{"start":{"line":144,"column":12},"end":{"line":144,"column":85}},"42":{"start":{"line":145,"column":12},"end":{"line":145,"column":88}},"43":{"start":{"line":151,"column":12},"end":{"line":151,"column":92}},"44":{"start":{"line":152,"column":12},"end":{"line":152,"column":89}},"45":{"start":{"line":153,"column":12},"end":{"line":153,"column":92}},"46":{"start":{"line":154,"column":12},"end":{"line":154,"column":92}},"47":{"start":{"line":156,"column":12},"end":{"line":156,"column":88}},"48":{"start":{"line":157,"column":12},"end":{"line":157,"column":85}},"49":{"start":{"line":158,"column":12},"end":{"line":158,"column":88}},"50":{"start":{"line":159,"column":12},"end":{"line":159,"column":88}},"51":{"start":{"line":161,"column":12},"end":{"line":161,"column":81}},"52":{"start":{"line":162,"column":12},"end":{"line":162,"column":94}},"53":{"start":{"line":165,"column":12},"end":{"line":169,"column":15}},"54":{"start":{"line":166,"column":16},"end":{"line":168,"column":17}},"55":{"start":{"line":167,"column":20},"end":{"line":167,"column":40}},"56":{"start":{"line":181,"column":8},"end":{"line":192,"column":10}},"57":{"start":{"line":183,"column":12},"end":{"line":191,"column":13}},"58":{"start":{"line":184,"column":16},"end":{"line":184,"column":83}},"59":{"start":{"line":186,"column":16},"end":{"line":186,"column":50}},"60":{"start":{"line":189,"column":16},"end":{"line":189,"column":81}},"61":{"start":{"line":190,"column":16},"end":{"line":190,"column":42}},"62":{"start":{"line":198,"column":8},"end":{"line":204,"column":10}},"63":{"start":{"line":199,"column":12},"end":{"line":199,"column":86}},"64":{"start":{"line":200,"column":12},"end":{"line":200,"column":88}},"65":{"start":{"line":201,"column":12},"end":{"line":201,"column":92}},"66":{"start":{"line":202,"column":12},"end":{"line":202,"column":89}},"67":{"start":{"line":203,"column":12},"end":{"line":203,"column":135}},"68":{"start":{"line":214,"column":8},"end":{"line":216,"column":10}},"69":{"start":{"line":215,"column":12},"end":{"line":215,"column":32}},"70":{"start":{"line":223,"column":8},"end":{"line":257,"column":10}},"71":{"start":{"line":224,"column":12},"end":{"line":224,"column":66}},"72":{"start":{"line":225,"column":12},"end":{"line":225,"column":45}},"73":{"start":{"line":226,"column":12},"end":{"line":226,"column":47}},"74":{"start":{"line":227,"column":12},"end":{"line":239,"column":13}},"75":{"start":{"line":228,"column":16},"end":{"line":228,"column":54}},"76":{"start":{"line":229,"column":16},"end":{"line":229,"column":109}},"77":{"start":{"line":230,"column":16},"end":{"line":230,"column":58}},"78":{"start":{"line":231,"column":16},"end":{"line":231,"column":60}},"79":{"start":{"line":232,"column":16},"end":{"line":232,"column":54}},"80":{"start":{"line":233,"column":16},"end":{"line":233,"column":112}},"81":{"start":{"line":234,"column":16},"end":{"line":234,"column":60}},"82":{"start":{"line":235,"column":16},"end":{"line":235,"column":54}},"83":{"start":{"line":236,"column":16},"end":{"line":236,"column":54}},"84":{"start":{"line":237,"column":16},"end":{"line":237,"column":118}},"85":{"start":{"line":238,"column":16},"end":{"line":238,"column":42}},"86":{"start":{"line":241,"column":12},"end":{"line":241,"column":70}},"87":{"start":{"line":242,"column":12},"end":{"line":242,"column":46}},"88":{"start":{"line":243,"column":12},"end":{"line":243,"column":53}},"89":{"start":{"line":244,"column":12},"end":{"line":244,"column":44}},"90":{"start":{"line":253,"column":12},"end":{"line":253,"column":42}},"91":{"start":{"line":254,"column":12},"end":{"line":254,"column":39}},"92":{"start":{"line":255,"column":12},"end":{"line":255,"column":51}},"93":{"start":{"line":256,"column":12},"end":{"line":256,"column":48}},"94":{"start":{"line":263,"column":8},"end":{"line":273,"column":10}},"95":{"start":{"line":264,"column":12},"end":{"line":264,"column":22}},"96":{"start":{"line":265,"column":12},"end":{"line":265,"column":29}},"97":{"start":{"line":266,"column":12},"end":{"line":266,"column":62}},"98":{"start":{"line":267,"column":12},"end":{"line":267,"column":45}},"99":{"start":{"line":268,"column":12},"end":{"line":268,"column":65}},"100":{"start":{"line":269,"column":12},"end":{"line":269,"column":70}},"101":{"start":{"line":270,"column":12},"end":{"line":270,"column":45}},"102":{"start":{"line":271,"column":12},"end":{"line":271,"column":53}},"103":{"start":{"line":272,"column":12},"end":{"line":272,"column":48}},"104":{"start":{"line":282,"column":8},"end":{"line":284,"column":10}},"105":{"start":{"line":283,"column":12},"end":{"line":283,"column":34}},"106":{"start":{"line":291,"column":8},"end":{"line":315,"column":10}},"107":{"start":{"line":292,"column":12},"end":{"line":292,"column":68}},"108":{"start":{"line":293,"column":12},"end":{"line":293,"column":47}},"109":{"start":{"line":294,"column":12},"end":{"line":294,"column":51}},"110":{"start":{"line":295,"column":12},"end":{"line":309,"column":13}},"111":{"start":{"line":296,"column":16},"end":{"line":296,"column":59}},"112":{"start":{"line":297,"column":16},"end":{"line":297,"column":61}},"113":{"start":{"line":298,"column":16},"end":{"line":298,"column":116}},"114":{"start":{"line":299,"column":16},"end":{"line":299,"column":63}},"115":{"start":{"line":300,"column":16},"end":{"line":300,"column":95}},"116":{"start":{"line":301,"column":16},"end":{"line":301,"column":65}},"117":{"start":{"line":302,"column":16},"end":{"line":302,"column":59}},"118":{"start":{"line":303,"column":16},"end":{"line":303,"column":59}},"119":{"start":{"line":304,"column":16},"end":{"line":304,"column":65}},"120":{"start":{"line":305,"column":16},"end":{"line":305,"column":65}},"121":{"start":{"line":306,"column":16},"end":{"line":306,"column":69}},"122":{"start":{"line":307,"column":16},"end":{"line":307,"column":119}},"123":{"start":{"line":308,"column":16},"end":{"line":308,"column":46}},"124":{"start":{"line":311,"column":12},"end":{"line":311,"column":72}},"125":{"start":{"line":312,"column":12},"end":{"line":312,"column":46}},"126":{"start":{"line":313,"column":12},"end":{"line":313,"column":55}},"127":{"start":{"line":314,"column":12},"end":{"line":314,"column":46}},"128":{"start":{"line":321,"column":8},"end":{"line":331,"column":10}},"129":{"start":{"line":322,"column":12},"end":{"line":322,"column":22}},"130":{"start":{"line":323,"column":12},"end":{"line":323,"column":31}},"131":{"start":{"line":324,"column":12},"end":{"line":324,"column":64}},"132":{"start":{"line":325,"column":12},"end":{"line":325,"column":47}},"133":{"start":{"line":326,"column":12},"end":{"line":326,"column":68}},"134":{"start":{"line":327,"column":12},"end":{"line":327,"column":72}},"135":{"start":{"line":328,"column":12},"end":{"line":328,"column":45}},"136":{"start":{"line":329,"column":12},"end":{"line":329,"column":55}},"137":{"start":{"line":330,"column":12},"end":{"line":330,"column":48}},"138":{"start":{"line":341,"column":8},"end":{"line":343,"column":10}},"139":{"start":{"line":342,"column":12},"end":{"line":342,"column":32}},"140":{"start":{"line":350,"column":8},"end":{"line":385,"column":10}},"141":{"start":{"line":351,"column":12},"end":{"line":351,"column":66}},"142":{"start":{"line":352,"column":12},"end":{"line":352,"column":18}},"143":{"start":{"line":353,"column":12},"end":{"line":353,"column":45}},"144":{"start":{"line":354,"column":12},"end":{"line":354,"column":47}},"145":{"start":{"line":355,"column":12},"end":{"line":377,"column":13}},"146":{"start":{"line":356,"column":16},"end":{"line":356,"column":55}},"147":{"start":{"line":357,"column":16},"end":{"line":357,"column":57}},"148":{"start":{"line":358,"column":16},"end":{"line":358,"column":110}},"149":{"start":{"line":359,"column":16},"end":{"line":359,"column":59}},"150":{"start":{"line":360,"column":16},"end":{"line":360,"column":113}},"151":{"start":{"line":361,"column":16},"end":{"line":361,"column":61}},"152":{"start":{"line":362,"column":16},"end":{"line":366,"column":17}},"153":{"start":{"line":363,"column":20},"end":{"line":363,"column":65}},"154":{"start":{"line":364,"column":20},"end":{"line":364,"column":65}},"155":{"start":{"line":365,"column":20},"end":{"line":365,"column":69}},"156":{"start":{"line":367,"column":16},"end":{"line":371,"column":17}},"157":{"start":{"line":368,"column":20},"end":{"line":370,"column":21}},"158":{"start":{"line":369,"column":24},"end":{"line":369,"column":116}},"159":{"start":{"line":373,"column":16},"end":{"line":373,"column":42}},"160":{"start":{"line":374,"column":16},"end":{"line":376,"column":17}},"161":{"start":{"line":375,"column":20},"end":{"line":375,"column":57}},"162":{"start":{"line":379,"column":12},"end":{"line":379,"column":70}},"163":{"start":{"line":380,"column":12},"end":{"line":380,"column":46}},"164":{"start":{"line":381,"column":12},"end":{"line":381,"column":53}},"165":{"start":{"line":384,"column":12},"end":{"line":384,"column":52}},"166":{"start":{"line":391,"column":8},"end":{"line":403,"column":10}},"167":{"start":{"line":392,"column":12},"end":{"line":392,"column":22}},"168":{"start":{"line":393,"column":12},"end":{"line":393,"column":29}},"169":{"start":{"line":394,"column":12},"end":{"line":394,"column":62}},"170":{"start":{"line":395,"column":12},"end":{"line":395,"column":45}},"171":{"start":{"line":396,"column":12},"end":{"line":396,"column":66}},"172":{"start":{"line":397,"column":12},"end":{"line":397,"column":70}},"173":{"start":{"line":398,"column":12},"end":{"line":398,"column":45}},"174":{"start":{"line":399,"column":12},"end":{"line":399,"column":53}},"175":{"start":{"line":416,"column":8},"end":{"line":437,"column":10}},"176":{"start":{"line":417,"column":12},"end":{"line":417,"column":28}},"177":{"start":{"line":418,"column":12},"end":{"line":418,"column":57}},"178":{"start":{"line":420,"column":12},"end":{"line":432,"column":13}},"179":{"start":{"line":421,"column":16},"end":{"line":421,"column":80}},"180":{"start":{"line":422,"column":16},"end":{"line":422,"column":62}},"181":{"start":{"line":423,"column":16},"end":{"line":423,"column":47}},"182":{"start":{"line":424,"column":19},"end":{"line":432,"column":13}},"183":{"start":{"line":425,"column":16},"end":{"line":425,"column":82}},"184":{"start":{"line":426,"column":16},"end":{"line":426,"column":63}},"185":{"start":{"line":427,"column":16},"end":{"line":427,"column":49}},"186":{"start":{"line":428,"column":19},"end":{"line":432,"column":13}},"187":{"start":{"line":429,"column":16},"end":{"line":429,"column":80}},"188":{"start":{"line":430,"column":16},"end":{"line":430,"column":63}},"189":{"start":{"line":431,"column":16},"end":{"line":431,"column":47}},"190":{"start":{"line":434,"column":12},"end":{"line":435,"column":54}},"191":{"start":{"line":439,"column":8},"end":{"line":454,"column":10}},"192":{"start":{"line":440,"column":12},"end":{"line":440,"column":33}},"193":{"start":{"line":441,"column":12},"end":{"line":441,"column":27}},"194":{"start":{"line":442,"column":12},"end":{"line":452,"column":13}},"195":{"start":{"line":443,"column":16},"end":{"line":443,"column":81}},"196":{"start":{"line":445,"column":16},"end":{"line":451,"column":17}},"197":{"start":{"line":447,"column":20},"end":{"line":447,"column":106}},"198":{"start":{"line":450,"column":20},"end":{"line":450,"column":103}},"199":{"start":{"line":464,"column":8},"end":{"line":502,"column":10}},"200":{"start":{"line":465,"column":12},"end":{"line":465,"column":20}},"201":{"start":{"line":466,"column":12},"end":{"line":501,"column":13}},"202":{"start":{"line":467,"column":16},"end":{"line":467,"column":35}},"203":{"start":{"line":468,"column":16},"end":{"line":468,"column":58}},"204":{"start":{"line":469,"column":16},"end":{"line":471,"column":17}},"205":{"start":{"line":470,"column":20},"end":{"line":470,"column":77}},"206":{"start":{"line":472,"column":16},"end":{"line":472,"column":62}},"207":{"start":{"line":473,"column":16},"end":{"line":473,"column":64}},"208":{"start":{"line":474,"column":16},"end":{"line":474,"column":58}},"209":{"start":{"line":475,"column":16},"end":{"line":477,"column":17}},"210":{"start":{"line":476,"column":20},"end":{"line":476,"column":79}},"211":{"start":{"line":478,"column":16},"end":{"line":478,"column":64}},"212":{"start":{"line":479,"column":16},"end":{"line":479,"column":58}},"213":{"start":{"line":480,"column":16},"end":{"line":480,"column":58}},"214":{"start":{"line":481,"column":16},"end":{"line":484,"column":17}},"215":{"start":{"line":482,"column":20},"end":{"line":482,"column":99}},"216":{"start":{"line":483,"column":20},"end":{"line":483,"column":77}},"217":{"start":{"line":485,"column":16},"end":{"line":485,"column":89}},"218":{"start":{"line":486,"column":16},"end":{"line":493,"column":17}},"219":{"start":{"line":487,"column":20},"end":{"line":487,"column":89}},"220":{"start":{"line":488,"column":20},"end":{"line":488,"column":82}},"221":{"start":{"line":491,"column":20},"end":{"line":491,"column":91}},"222":{"start":{"line":492,"column":20},"end":{"line":492,"column":88}},"223":{"start":{"line":495,"column":16},"end":{"line":495,"column":27}},"224":{"start":{"line":496,"column":16},"end":{"line":496,"column":33}},"225":{"start":{"line":497,"column":16},"end":{"line":497,"column":70}},"226":{"start":{"line":499,"column":16},"end":{"line":499,"column":123}},"227":{"start":{"line":500,"column":16},"end":{"line":500,"column":27}},"228":{"start":{"line":509,"column":8},"end":{"line":534,"column":10}},"229":{"start":{"line":510,"column":12},"end":{"line":510,"column":28}},"230":{"start":{"line":511,"column":12},"end":{"line":524,"column":13}},"231":{"start":{"line":512,"column":16},"end":{"line":520,"column":17}},"232":{"start":{"line":513,"column":20},"end":{"line":513,"column":100}},"233":{"start":{"line":514,"column":20},"end":{"line":519,"column":21}},"234":{"start":{"line":515,"column":24},"end":{"line":518,"column":25}},"235":{"start":{"line":516,"column":28},"end":{"line":516,"column":50}},"236":{"start":{"line":517,"column":28},"end":{"line":517,"column":40}},"237":{"start":{"line":521,"column":16},"end":{"line":521,"column":37}},"238":{"start":{"line":522,"column":16},"end":{"line":522,"column":40}},"239":{"start":{"line":523,"column":16},"end":{"line":523,"column":29}},"240":{"start":{"line":526,"column":12},"end":{"line":526,"column":46}},"241":{"start":{"line":527,"column":12},"end":{"line":527,"column":24}},"242":{"start":{"line":540,"column":8},"end":{"line":548,"column":10}},"243":{"start":{"line":541,"column":12},"end":{"line":547,"column":13}},"244":{"start":{"line":542,"column":16},"end":{"line":542,"column":61}},"245":{"start":{"line":543,"column":16},"end":{"line":543,"column":85}},"246":{"start":{"line":544,"column":16},"end":{"line":544,"column":33}},"247":{"start":{"line":546,"column":16},"end":{"line":546,"column":70}},"248":{"start":{"line":554,"column":8},"end":{"line":556,"column":10}},"249":{"start":{"line":555,"column":12},"end":{"line":555,"column":29}},"250":{"start":{"line":566,"column":8},"end":{"line":607,"column":10}},"251":{"start":{"line":567,"column":12},"end":{"line":567,"column":20}},"252":{"start":{"line":569,"column":12},"end":{"line":606,"column":13}},"253":{"start":{"line":570,"column":16},"end":{"line":570,"column":37}},"254":{"start":{"line":571,"column":16},"end":{"line":571,"column":63}},"255":{"start":{"line":572,"column":16},"end":{"line":572,"column":65}},"256":{"start":{"line":573,"column":16},"end":{"line":575,"column":17}},"257":{"start":{"line":574,"column":20},"end":{"line":574,"column":82}},"258":{"start":{"line":576,"column":16},"end":{"line":576,"column":67}},"259":{"start":{"line":577,"column":16},"end":{"line":579,"column":17}},"260":{"start":{"line":578,"column":20},"end":{"line":578,"column":84}},"261":{"start":{"line":580,"column":16},"end":{"line":580,"column":69}},"262":{"start":{"line":581,"column":16},"end":{"line":581,"column":63}},"263":{"start":{"line":582,"column":16},"end":{"line":582,"column":63}},"264":{"start":{"line":583,"column":16},"end":{"line":583,"column":43}},"265":{"start":{"line":584,"column":16},"end":{"line":584,"column":69}},"266":{"start":{"line":585,"column":16},"end":{"line":585,"column":69}},"267":{"start":{"line":586,"column":16},"end":{"line":586,"column":73}},"268":{"start":{"line":587,"column":16},"end":{"line":590,"column":17}},"269":{"start":{"line":588,"column":20},"end":{"line":588,"column":100}},"270":{"start":{"line":589,"column":20},"end":{"line":589,"column":77}},"271":{"start":{"line":591,"column":16},"end":{"line":598,"column":17}},"272":{"start":{"line":592,"column":20},"end":{"line":592,"column":91}},"273":{"start":{"line":593,"column":20},"end":{"line":593,"column":76}},"274":{"start":{"line":596,"column":20},"end":{"line":596,"column":93}},"275":{"start":{"line":597,"column":20},"end":{"line":597,"column":96}},"276":{"start":{"line":600,"column":16},"end":{"line":600,"column":27}},"277":{"start":{"line":601,"column":16},"end":{"line":601,"column":35}},"278":{"start":{"line":602,"column":16},"end":{"line":602,"column":72}},"279":{"start":{"line":604,"column":16},"end":{"line":604,"column":147}},"280":{"start":{"line":605,"column":16},"end":{"line":605,"column":27}},"281":{"start":{"line":614,"column":8},"end":{"line":625,"column":10}},"282":{"start":{"line":616,"column":12},"end":{"line":616,"column":29}},"283":{"start":{"line":617,"column":12},"end":{"line":622,"column":13}},"284":{"start":{"line":618,"column":16},"end":{"line":618,"column":60}},"285":{"start":{"line":619,"column":16},"end":{"line":621,"column":17}},"286":{"start":{"line":620,"column":20},"end":{"line":620,"column":33}},"287":{"start":{"line":624,"column":12},"end":{"line":624,"column":24}},"288":{"start":{"line":631,"column":8},"end":{"line":638,"column":10}},"289":{"start":{"line":632,"column":12},"end":{"line":637,"column":13}},"290":{"start":{"line":633,"column":16},"end":{"line":633,"column":63}},"291":{"start":{"line":634,"column":16},"end":{"line":634,"column":79}},"292":{"start":{"line":635,"column":16},"end":{"line":635,"column":35}},"293":{"start":{"line":636,"column":16},"end":{"line":636,"column":72}},"294":{"start":{"line":644,"column":8},"end":{"line":646,"column":10}},"295":{"start":{"line":645,"column":12},"end":{"line":645,"column":31}},"296":{"start":{"line":656,"column":8},"end":{"line":662,"column":10}},"297":{"start":{"line":657,"column":12},"end":{"line":657,"column":64}},"298":{"start":{"line":660,"column":12},"end":{"line":660,"column":83}},"299":{"start":{"line":661,"column":12},"end":{"line":661,"column":94}},"300":{"start":{"line":668,"column":8},"end":{"line":677,"column":10}},"301":{"start":{"line":669,"column":12},"end":{"line":669,"column":80}},"302":{"start":{"line":670,"column":12},"end":{"line":670,"column":79}},"303":{"start":{"line":671,"column":12},"end":{"line":671,"column":73}},"304":{"start":{"line":672,"column":12},"end":{"line":673,"column":59}},"305":{"start":{"line":674,"column":12},"end":{"line":676,"column":13}},"306":{"start":{"line":675,"column":16},"end":{"line":675,"column":53}},"307":{"start":{"line":682,"column":8},"end":{"line":730,"column":10}},"308":{"start":{"line":683,"column":12},"end":{"line":683,"column":28}},"309":{"start":{"line":685,"column":12},"end":{"line":729,"column":13}},"310":{"start":{"line":686,"column":16},"end":{"line":686,"column":35}},"311":{"start":{"line":687,"column":16},"end":{"line":687,"column":59}},"312":{"start":{"line":688,"column":16},"end":{"line":688,"column":61}},"313":{"start":{"line":689,"column":16},"end":{"line":691,"column":17}},"314":{"start":{"line":690,"column":20},"end":{"line":690,"column":78}},"315":{"start":{"line":692,"column":16},"end":{"line":692,"column":63}},"316":{"start":{"line":693,"column":16},"end":{"line":695,"column":17}},"317":{"start":{"line":694,"column":20},"end":{"line":694,"column":80}},"318":{"start":{"line":696,"column":16},"end":{"line":696,"column":65}},"319":{"start":{"line":697,"column":16},"end":{"line":697,"column":41}},"320":{"start":{"line":698,"column":16},"end":{"line":698,"column":65}},"321":{"start":{"line":699,"column":16},"end":{"line":699,"column":65}},"322":{"start":{"line":700,"column":16},"end":{"line":700,"column":69}},"323":{"start":{"line":701,"column":16},"end":{"line":701,"column":63}},"324":{"start":{"line":702,"column":16},"end":{"line":702,"column":63}},"325":{"start":{"line":704,"column":16},"end":{"line":704,"column":41}},"326":{"start":{"line":705,"column":16},"end":{"line":711,"column":17}},"327":{"start":{"line":706,"column":20},"end":{"line":706,"column":66}},"328":{"start":{"line":707,"column":20},"end":{"line":707,"column":48}},"329":{"start":{"line":708,"column":20},"end":{"line":708,"column":73}},"330":{"start":{"line":709,"column":20},"end":{"line":709,"column":73}},"331":{"start":{"line":710,"column":20},"end":{"line":710,"column":70}},"332":{"start":{"line":713,"column":16},"end":{"line":713,"column":85}},"333":{"start":{"line":714,"column":16},"end":{"line":721,"column":17}},"334":{"start":{"line":715,"column":20},"end":{"line":715,"column":89}},"335":{"start":{"line":716,"column":20},"end":{"line":716,"column":70}},"336":{"start":{"line":719,"column":20},"end":{"line":719,"column":91}},"337":{"start":{"line":720,"column":20},"end":{"line":720,"column":88}},"338":{"start":{"line":723,"column":16},"end":{"line":723,"column":27}},"339":{"start":{"line":724,"column":16},"end":{"line":724,"column":33}},"340":{"start":{"line":725,"column":16},"end":{"line":725,"column":70}},"341":{"start":{"line":727,"column":16},"end":{"line":727,"column":147}},"342":{"start":{"line":728,"column":16},"end":{"line":728,"column":27}},"343":{"start":{"line":736,"column":8},"end":{"line":744,"column":10}},"344":{"start":{"line":737,"column":12},"end":{"line":743,"column":13}},"345":{"start":{"line":738,"column":16},"end":{"line":738,"column":44}},"346":{"start":{"line":739,"column":16},"end":{"line":739,"column":73}},"347":{"start":{"line":740,"column":16},"end":{"line":740,"column":33}},"348":{"start":{"line":741,"column":16},"end":{"line":741,"column":70}},"349":{"start":{"line":750,"column":8},"end":{"line":752,"column":10}},"350":{"start":{"line":751,"column":12},"end":{"line":751,"column":29}},"351":{"start":{"line":763,"column":8},"end":{"line":766,"column":10}},"352":{"start":{"line":765,"column":12},"end":{"line":765,"column":95}},"353":{"start":{"line":772,"column":8},"end":{"line":775,"column":10}},"354":{"start":{"line":774,"column":12},"end":{"line":774,"column":93}},"355":{"start":{"line":786,"column":8},"end":{"line":788,"column":10}},"356":{"start":{"line":787,"column":12},"end":{"line":787,"column":30}},"357":{"start":{"line":798,"column":8},"end":{"line":816,"column":9}},"358":{"start":{"line":799,"column":12},"end":{"line":799,"column":26}},"359":{"start":{"line":800,"column":12},"end":{"line":815,"column":13}},"360":{"start":{"line":801,"column":16},"end":{"line":801,"column":94}},"361":{"start":{"line":802,"column":16},"end":{"line":802,"column":65}},"362":{"start":{"line":803,"column":16},"end":{"line":803,"column":37}},"363":{"start":{"line":804,"column":16},"end":{"line":804,"column":50}},"364":{"start":{"line":805,"column":16},"end":{"line":805,"column":69}},"365":{"start":{"line":806,"column":16},"end":{"line":806,"column":48}},"366":{"start":{"line":807,"column":16},"end":{"line":807,"column":28}},"367":{"start":{"line":808,"column":16},"end":{"line":808,"column":68}},"368":{"start":{"line":809,"column":16},"end":{"line":809,"column":43}},"369":{"start":{"line":810,"column":16},"end":{"line":810,"column":34}},"370":{"start":{"line":811,"column":16},"end":{"line":811,"column":35}},"371":{"start":{"line":812,"column":16},"end":{"line":814,"column":17}},"372":{"start":{"line":813,"column":20},"end":{"line":813,"column":63}},"373":{"start":{"line":823,"column":8},"end":{"line":829,"column":9}},"374":{"start":{"line":824,"column":12},"end":{"line":824,"column":31}},"375":{"start":{"line":825,"column":12},"end":{"line":825,"column":92}},"376":{"start":{"line":826,"column":12},"end":{"line":826,"column":45}},"377":{"start":{"line":827,"column":12},"end":{"line":827,"column":67}},"378":{"start":{"line":828,"column":12},"end":{"line":828,"column":160}},"379":{"start":{"line":839,"column":8},"end":{"line":857,"column":9}},"380":{"start":{"line":840,"column":12},"end":{"line":840,"column":26}},"381":{"start":{"line":842,"column":12},"end":{"line":842,"column":62}},"382":{"start":{"line":843,"column":12},"end":{"line":843,"column":33}},"383":{"start":{"line":845,"column":12},"end":{"line":850,"column":13}},"384":{"start":{"line":846,"column":16},"end":{"line":846,"column":50}},"385":{"start":{"line":847,"column":16},"end":{"line":847,"column":89}},"386":{"start":{"line":848,"column":16},"end":{"line":848,"column":80}},"387":{"start":{"line":849,"column":16},"end":{"line":849,"column":35}},"388":{"start":{"line":854,"column":12},"end":{"line":856,"column":13}},"389":{"start":{"line":855,"column":16},"end":{"line":855,"column":60}},"390":{"start":{"line":864,"column":8},"end":{"line":898,"column":9}},"391":{"start":{"line":865,"column":12},"end":{"line":865,"column":46}},"392":{"start":{"line":866,"column":12},"end":{"line":866,"column":34}},"393":{"start":{"line":868,"column":12},"end":{"line":868,"column":72}},"394":{"start":{"line":869,"column":12},"end":{"line":869,"column":40}},"395":{"start":{"line":871,"column":12},"end":{"line":893,"column":13}},"396":{"start":{"line":872,"column":16},"end":{"line":876,"column":17}},"397":{"start":{"line":873,"column":20},"end":{"line":875,"column":21}},"398":{"start":{"line":874,"column":24},"end":{"line":874,"column":41}},"399":{"start":{"line":878,"column":16},"end":{"line":878,"column":56}},"400":{"start":{"line":879,"column":16},"end":{"line":879,"column":40}},"401":{"start":{"line":880,"column":16},"end":{"line":880,"column":52}},"402":{"start":{"line":881,"column":16},"end":{"line":881,"column":38}},"403":{"start":{"line":882,"column":16},"end":{"line":882,"column":79}},"404":{"start":{"line":883,"column":16},"end":{"line":885,"column":17}},"405":{"start":{"line":884,"column":20},"end":{"line":884,"column":41}},"406":{"start":{"line":886,"column":16},"end":{"line":886,"column":56}},"407":{"start":{"line":887,"column":16},"end":{"line":887,"column":43}},"408":{"start":{"line":888,"column":16},"end":{"line":888,"column":121}},"409":{"start":{"line":889,"column":16},"end":{"line":889,"column":48}},"410":{"start":{"line":890,"column":16},"end":{"line":890,"column":48}},"411":{"start":{"line":892,"column":16},"end":{"line":892,"column":34}},"412":{"start":{"line":897,"column":12},"end":{"line":897,"column":54}},"413":{"start":{"line":906,"column":8},"end":{"line":914,"column":9}},"414":{"start":{"line":907,"column":12},"end":{"line":907,"column":33}},"415":{"start":{"line":908,"column":12},"end":{"line":912,"column":13}},"416":{"start":{"line":909,"column":16},"end":{"line":911,"column":17}},"417":{"start":{"line":910,"column":20},"end":{"line":910,"column":79}},"418":{"start":{"line":913,"column":12},"end":{"line":913,"column":61}},"419":{"start":{"line":923,"column":8},"end":{"line":941,"column":9}},"420":{"start":{"line":924,"column":12},"end":{"line":924,"column":26}},"421":{"start":{"line":926,"column":12},"end":{"line":926,"column":64}},"422":{"start":{"line":927,"column":12},"end":{"line":927,"column":33}},"423":{"start":{"line":929,"column":12},"end":{"line":934,"column":13}},"424":{"start":{"line":930,"column":16},"end":{"line":930,"column":50}},"425":{"start":{"line":931,"column":16},"end":{"line":931,"column":93}},"426":{"start":{"line":932,"column":16},"end":{"line":932,"column":84}},"427":{"start":{"line":933,"column":16},"end":{"line":933,"column":35}},"428":{"start":{"line":938,"column":12},"end":{"line":940,"column":13}},"429":{"start":{"line":939,"column":16},"end":{"line":939,"column":62}},"430":{"start":{"line":948,"column":8},"end":{"line":982,"column":9}},"431":{"start":{"line":949,"column":12},"end":{"line":949,"column":46}},"432":{"start":{"line":950,"column":12},"end":{"line":950,"column":34}},"433":{"start":{"line":952,"column":12},"end":{"line":952,"column":70}},"434":{"start":{"line":953,"column":12},"end":{"line":953,"column":40}},"435":{"start":{"line":955,"column":12},"end":{"line":977,"column":13}},"436":{"start":{"line":956,"column":16},"end":{"line":960,"column":17}},"437":{"start":{"line":957,"column":20},"end":{"line":959,"column":21}},"438":{"start":{"line":958,"column":24},"end":{"line":958,"column":41}},"439":{"start":{"line":962,"column":16},"end":{"line":962,"column":56}},"440":{"start":{"line":963,"column":16},"end":{"line":963,"column":40}},"441":{"start":{"line":964,"column":16},"end":{"line":964,"column":50}},"442":{"start":{"line":965,"column":16},"end":{"line":965,"column":38}},"443":{"start":{"line":966,"column":16},"end":{"line":966,"column":78}},"444":{"start":{"line":967,"column":16},"end":{"line":969,"column":17}},"445":{"start":{"line":968,"column":20},"end":{"line":968,"column":41}},"446":{"start":{"line":970,"column":16},"end":{"line":970,"column":56}},"447":{"start":{"line":971,"column":16},"end":{"line":971,"column":43}},"448":{"start":{"line":972,"column":16},"end":{"line":972,"column":119}},"449":{"start":{"line":973,"column":16},"end":{"line":973,"column":48}},"450":{"start":{"line":974,"column":16},"end":{"line":974,"column":48}},"451":{"start":{"line":976,"column":16},"end":{"line":976,"column":34}},"452":{"start":{"line":981,"column":12},"end":{"line":981,"column":52}},"453":{"start":{"line":990,"column":8},"end":{"line":998,"column":9}},"454":{"start":{"line":991,"column":12},"end":{"line":991,"column":31}},"455":{"start":{"line":992,"column":12},"end":{"line":996,"column":13}},"456":{"start":{"line":993,"column":16},"end":{"line":995,"column":17}},"457":{"start":{"line":994,"column":20},"end":{"line":994,"column":77}},"458":{"start":{"line":997,"column":12},"end":{"line":997,"column":59}},"459":{"start":{"line":1008,"column":8},"end":{"line":1026,"column":9}},"460":{"start":{"line":1009,"column":12},"end":{"line":1009,"column":26}},"461":{"start":{"line":1011,"column":12},"end":{"line":1011,"column":62}},"462":{"start":{"line":1012,"column":12},"end":{"line":1012,"column":33}},"463":{"start":{"line":1014,"column":12},"end":{"line":1019,"column":13}},"464":{"start":{"line":1015,"column":16},"end":{"line":1015,"column":50}},"465":{"start":{"line":1016,"column":16},"end":{"line":1016,"column":89}},"466":{"start":{"line":1017,"column":16},"end":{"line":1017,"column":80}},"467":{"start":{"line":1018,"column":16},"end":{"line":1018,"column":35}},"468":{"start":{"line":1023,"column":12},"end":{"line":1025,"column":13}},"469":{"start":{"line":1024,"column":16},"end":{"line":1024,"column":60}},"470":{"start":{"line":1037,"column":8},"end":{"line":1062,"column":9}},"471":{"start":{"line":1038,"column":12},"end":{"line":1038,"column":19}},"472":{"start":{"line":1039,"column":12},"end":{"line":1039,"column":55}},"473":{"start":{"line":1042,"column":12},"end":{"line":1042,"column":74}},"474":{"start":{"line":1043,"column":12},"end":{"line":1043,"column":63}},"475":{"start":{"line":1045,"column":12},"end":{"line":1045,"column":59}},"476":{"start":{"line":1046,"column":12},"end":{"line":1046,"column":33}},"477":{"start":{"line":1047,"column":12},"end":{"line":1058,"column":15}},"478":{"start":{"line":1050,"column":16},"end":{"line":1050,"column":54}},"479":{"start":{"line":1051,"column":16},"end":{"line":1051,"column":64}},"480":{"start":{"line":1052,"column":16},"end":{"line":1052,"column":52}},"481":{"start":{"line":1053,"column":16},"end":{"line":1053,"column":28}},"482":{"start":{"line":1054,"column":16},"end":{"line":1054,"column":60}},"483":{"start":{"line":1055,"column":16},"end":{"line":1055,"column":46}},"484":{"start":{"line":1056,"column":16},"end":{"line":1056,"column":34}},"485":{"start":{"line":1057,"column":16},"end":{"line":1057,"column":35}},"486":{"start":{"line":1059,"column":12},"end":{"line":1061,"column":13}},"487":{"start":{"line":1060,"column":16},"end":{"line":1060,"column":57}},"488":{"start":{"line":1068,"column":8},"end":{"line":1070,"column":9}},"489":{"start":{"line":1069,"column":12},"end":{"line":1069,"column":86}},"490":{"start":{"line":1076,"column":8},"end":{"line":1095,"column":9}},"491":{"start":{"line":1077,"column":12},"end":{"line":1077,"column":41}},"492":{"start":{"line":1078,"column":12},"end":{"line":1078,"column":43}},"493":{"start":{"line":1079,"column":12},"end":{"line":1079,"column":43}},"494":{"start":{"line":1080,"column":12},"end":{"line":1080,"column":48}},"495":{"start":{"line":1081,"column":12},"end":{"line":1081,"column":45}},"496":{"start":{"line":1082,"column":12},"end":{"line":1082,"column":44}},"497":{"start":{"line":1083,"column":12},"end":{"line":1083,"column":44}},"498":{"start":{"line":1084,"column":12},"end":{"line":1084,"column":41}},"499":{"start":{"line":1085,"column":12},"end":{"line":1085,"column":41}},"500":{"start":{"line":1086,"column":12},"end":{"line":1086,"column":44}},"501":{"start":{"line":1087,"column":12},"end":{"line":1087,"column":30}},"502":{"start":{"line":1090,"column":12},"end":{"line":1090,"column":42}},"503":{"start":{"line":1091,"column":12},"end":{"line":1091,"column":39}},"504":{"start":{"line":1093,"column":12},"end":{"line":1093,"column":51}},"505":{"start":{"line":1094,"column":12},"end":{"line":1094,"column":48}},"506":{"start":{"line":1102,"column":8},"end":{"line":1119,"column":9}},"507":{"start":{"line":1103,"column":12},"end":{"line":1103,"column":29}},"508":{"start":{"line":1104,"column":12},"end":{"line":1104,"column":34}},"509":{"start":{"line":1106,"column":12},"end":{"line":1115,"column":13}},"510":{"start":{"line":1107,"column":16},"end":{"line":1107,"column":84}},"511":{"start":{"line":1108,"column":16},"end":{"line":1108,"column":23}},"512":{"start":{"line":1110,"column":16},"end":{"line":1110,"column":35}},"513":{"start":{"line":1111,"column":16},"end":{"line":1111,"column":66}},"514":{"start":{"line":1112,"column":16},"end":{"line":1112,"column":77}},"515":{"start":{"line":1113,"column":16},"end":{"line":1113,"column":94}},"516":{"start":{"line":1114,"column":16},"end":{"line":1114,"column":55}},"517":{"start":{"line":1116,"column":12},"end":{"line":1118,"column":13}},"518":{"start":{"line":1117,"column":16},"end":{"line":1117,"column":57}},"519":{"start":{"line":1126,"column":8},"end":{"line":1142,"column":9}},"520":{"start":{"line":1127,"column":12},"end":{"line":1127,"column":29}},"521":{"start":{"line":1128,"column":12},"end":{"line":1128,"column":34}},"522":{"start":{"line":1130,"column":12},"end":{"line":1130,"column":57}},"523":{"start":{"line":1132,"column":12},"end":{"line":1132,"column":31}},"524":{"start":{"line":1133,"column":12},"end":{"line":1133,"column":62}},"525":{"start":{"line":1134,"column":12},"end":{"line":1137,"column":13}},"526":{"start":{"line":1135,"column":16},"end":{"line":1135,"column":81}},"527":{"start":{"line":1136,"column":16},"end":{"line":1136,"column":78}},"528":{"start":{"line":1139,"column":12},"end":{"line":1141,"column":13}},"529":{"start":{"line":1140,"column":16},"end":{"line":1140,"column":57}},"530":{"start":{"line":1148,"column":8},"end":{"line":1152,"column":9}},"531":{"start":{"line":1149,"column":12},"end":{"line":1151,"column":53}},"532":{"start":{"line":1159,"column":8},"end":{"line":1176,"column":9}},"533":{"start":{"line":1160,"column":12},"end":{"line":1160,"column":31}},"534":{"start":{"line":1161,"column":12},"end":{"line":1161,"column":36}},"535":{"start":{"line":1163,"column":12},"end":{"line":1172,"column":13}},"536":{"start":{"line":1164,"column":16},"end":{"line":1164,"column":61}},"537":{"start":{"line":1165,"column":16},"end":{"line":1165,"column":23}},"538":{"start":{"line":1167,"column":16},"end":{"line":1167,"column":35}},"539":{"start":{"line":1168,"column":16},"end":{"line":1168,"column":69}},"540":{"start":{"line":1169,"column":16},"end":{"line":1169,"column":81}},"541":{"start":{"line":1170,"column":16},"end":{"line":1170,"column":98}},"542":{"start":{"line":1171,"column":16},"end":{"line":1171,"column":59}},"543":{"start":{"line":1173,"column":12},"end":{"line":1175,"column":13}},"544":{"start":{"line":1174,"column":16},"end":{"line":1174,"column":57}},"545":{"start":{"line":1184,"column":8},"end":{"line":1200,"column":9}},"546":{"start":{"line":1185,"column":12},"end":{"line":1185,"column":31}},"547":{"start":{"line":1186,"column":12},"end":{"line":1186,"column":36}},"548":{"start":{"line":1188,"column":12},"end":{"line":1188,"column":61}},"549":{"start":{"line":1190,"column":12},"end":{"line":1190,"column":31}},"550":{"start":{"line":1191,"column":12},"end":{"line":1191,"column":65}},"551":{"start":{"line":1192,"column":12},"end":{"line":1195,"column":13}},"552":{"start":{"line":1193,"column":16},"end":{"line":1193,"column":85}},"553":{"start":{"line":1194,"column":16},"end":{"line":1194,"column":83}},"554":{"start":{"line":1197,"column":12},"end":{"line":1199,"column":13}},"555":{"start":{"line":1198,"column":16},"end":{"line":1198,"column":57}},"556":{"start":{"line":1206,"column":8},"end":{"line":1210,"column":9}},"557":{"start":{"line":1208,"column":12},"end":{"line":1208,"column":84}},"558":{"start":{"line":1209,"column":12},"end":{"line":1209,"column":84}},"559":{"start":{"line":1216,"column":8},"end":{"line":1230,"column":9}},"560":{"start":{"line":1217,"column":12},"end":{"line":1217,"column":44}},"561":{"start":{"line":1218,"column":12},"end":{"line":1218,"column":45}},"562":{"start":{"line":1219,"column":12},"end":{"line":1219,"column":46}},"563":{"start":{"line":1220,"column":12},"end":{"line":1220,"column":46}},"564":{"start":{"line":1221,"column":12},"end":{"line":1221,"column":47}},"565":{"start":{"line":1222,"column":12},"end":{"line":1222,"column":47}},"566":{"start":{"line":1223,"column":12},"end":{"line":1223,"column":44}},"567":{"start":{"line":1224,"column":12},"end":{"line":1224,"column":44}},"568":{"start":{"line":1225,"column":12},"end":{"line":1225,"column":42}},"569":{"start":{"line":1226,"column":12},"end":{"line":1226,"column":42}},"570":{"start":{"line":1227,"column":12},"end":{"line":1227,"column":44}},"571":{"start":{"line":1228,"column":12},"end":{"line":1228,"column":45}},"572":{"start":{"line":1229,"column":12},"end":{"line":1229,"column":32}},"573":{"start":{"line":1236,"column":8},"end":{"line":1240,"column":9}},"574":{"start":{"line":1237,"column":12},"end":{"line":1239,"column":51}},"575":{"start":{"line":1247,"column":8},"end":{"line":1264,"column":9}},"576":{"start":{"line":1248,"column":12},"end":{"line":1248,"column":29}},"577":{"start":{"line":1249,"column":12},"end":{"line":1249,"column":34}},"578":{"start":{"line":1251,"column":12},"end":{"line":1260,"column":13}},"579":{"start":{"line":1252,"column":16},"end":{"line":1252,"column":61}},"580":{"start":{"line":1253,"column":16},"end":{"line":1253,"column":23}},"581":{"start":{"line":1255,"column":16},"end":{"line":1255,"column":35}},"582":{"start":{"line":1256,"column":16},"end":{"line":1256,"column":67}},"583":{"start":{"line":1257,"column":16},"end":{"line":1257,"column":77}},"584":{"start":{"line":1258,"column":16},"end":{"line":1258,"column":94}},"585":{"start":{"line":1259,"column":16},"end":{"line":1259,"column":55}},"586":{"start":{"line":1261,"column":12},"end":{"line":1263,"column":13}},"587":{"start":{"line":1262,"column":16},"end":{"line":1262,"column":57}},"588":{"start":{"line":1271,"column":8},"end":{"line":1287,"column":9}},"589":{"start":{"line":1272,"column":12},"end":{"line":1272,"column":29}},"590":{"start":{"line":1273,"column":12},"end":{"line":1273,"column":34}},"591":{"start":{"line":1275,"column":12},"end":{"line":1275,"column":59}},"592":{"start":{"line":1277,"column":12},"end":{"line":1277,"column":31}},"593":{"start":{"line":1278,"column":12},"end":{"line":1278,"column":63}},"594":{"start":{"line":1279,"column":12},"end":{"line":1282,"column":13}},"595":{"start":{"line":1280,"column":16},"end":{"line":1280,"column":81}},"596":{"start":{"line":1281,"column":16},"end":{"line":1281,"column":79}},"597":{"start":{"line":1284,"column":12},"end":{"line":1286,"column":13}},"598":{"start":{"line":1285,"column":16},"end":{"line":1285,"column":57}},"599":{"start":{"line":1296,"column":8},"end":{"line":1317,"column":9}},"600":{"start":{"line":1297,"column":12},"end":{"line":1297,"column":59}},"601":{"start":{"line":1298,"column":12},"end":{"line":1298,"column":50}},"602":{"start":{"line":1299,"column":12},"end":{"line":1299,"column":113}},"603":{"start":{"line":1301,"column":12},"end":{"line":1301,"column":31}},"604":{"start":{"line":1302,"column":12},"end":{"line":1302,"column":29}},"605":{"start":{"line":1303,"column":12},"end":{"line":1303,"column":29}},"606":{"start":{"line":1306,"column":12},"end":{"line":1306,"column":48}},"607":{"start":{"line":1307,"column":12},"end":{"line":1307,"column":34}},"608":{"start":{"line":1308,"column":12},"end":{"line":1308,"column":48}},"609":{"start":{"line":1309,"column":12},"end":{"line":1309,"column":57}},"610":{"start":{"line":1310,"column":12},"end":{"line":1310,"column":53}},"611":{"start":{"line":1313,"column":12},"end":{"line":1313,"column":59}},"612":{"start":{"line":1314,"column":12},"end":{"line":1314,"column":39}},"613":{"start":{"line":1315,"column":12},"end":{"line":1315,"column":30}},"614":{"start":{"line":1316,"column":12},"end":{"line":1316,"column":31}},"615":{"start":{"line":1324,"column":8},"end":{"line":1334,"column":9}},"616":{"start":{"line":1326,"column":12},"end":{"line":1326,"column":38}},"617":{"start":{"line":1327,"column":12},"end":{"line":1327,"column":113}},"618":{"start":{"line":1330,"column":12},"end":{"line":1330,"column":69}},"619":{"start":{"line":1331,"column":12},"end":{"line":1331,"column":67}},"620":{"start":{"line":1332,"column":12},"end":{"line":1332,"column":68}},"621":{"start":{"line":1333,"column":12},"end":{"line":1333,"column":66}},"622":{"start":{"line":1340,"column":8},"end":{"line":1347,"column":9}},"623":{"start":{"line":1341,"column":12},"end":{"line":1341,"column":114}},"624":{"start":{"line":1342,"column":12},"end":{"line":1342,"column":59}},"625":{"start":{"line":1343,"column":12},"end":{"line":1343,"column":31}},"626":{"start":{"line":1344,"column":12},"end":{"line":1346,"column":13}},"627":{"start":{"line":1345,"column":16},"end":{"line":1345,"column":53}},"628":{"start":{"line":1354,"column":8},"end":{"line":1369,"column":9}},"629":{"start":{"line":1356,"column":12},"end":{"line":1356,"column":112}},"630":{"start":{"line":1359,"column":12},"end":{"line":1368,"column":20}},"631":{"start":{"line":1360,"column":16},"end":{"line":1360,"column":48}},"632":{"start":{"line":1361,"column":16},"end":{"line":1361,"column":87}},"633":{"start":{"line":1362,"column":16},"end":{"line":1362,"column":104}},"634":{"start":{"line":1363,"column":16},"end":{"line":1363,"column":67}},"635":{"start":{"line":1364,"column":16},"end":{"line":1364,"column":65}},"636":{"start":{"line":1365,"column":16},"end":{"line":1365,"column":59}},"637":{"start":{"line":1367,"column":16},"end":{"line":1367,"column":60}},"638":{"start":{"line":1375,"column":8},"end":{"line":1379,"column":9}},"639":{"start":{"line":1376,"column":12},"end":{"line":1376,"column":36}},"640":{"start":{"line":1378,"column":12},"end":{"line":1378,"column":35}},"641":{"start":{"line":1385,"column":8},"end":{"line":1389,"column":9}},"642":{"start":{"line":1387,"column":12},"end":{"line":1387,"column":82}},"643":{"start":{"line":1388,"column":12},"end":{"line":1388,"column":82}},"644":{"start":{"line":1395,"column":8},"end":{"line":1413,"column":9}},"645":{"start":{"line":1396,"column":12},"end":{"line":1396,"column":42}},"646":{"start":{"line":1397,"column":12},"end":{"line":1397,"column":43}},"647":{"start":{"line":1398,"column":12},"end":{"line":1398,"column":44}},"648":{"start":{"line":1399,"column":12},"end":{"line":1399,"column":44}},"649":{"start":{"line":1400,"column":12},"end":{"line":1400,"column":45}},"650":{"start":{"line":1401,"column":12},"end":{"line":1401,"column":49}},"651":{"start":{"line":1402,"column":12},"end":{"line":1402,"column":40}},"652":{"start":{"line":1403,"column":12},"end":{"line":1403,"column":40}},"653":{"start":{"line":1404,"column":12},"end":{"line":1404,"column":42}},"654":{"start":{"line":1405,"column":12},"end":{"line":1405,"column":59}},"655":{"start":{"line":1406,"column":12},"end":{"line":1406,"column":33}},"656":{"start":{"line":1407,"column":12},"end":{"line":1407,"column":30}},"657":{"start":{"line":1409,"column":12},"end":{"line":1411,"column":13}},"658":{"start":{"line":1410,"column":16},"end":{"line":1410,"column":56}},"659":{"start":{"line":1419,"column":8},"end":{"line":1430,"column":9}},"660":{"start":{"line":1420,"column":12},"end":{"line":1420,"column":55}},"661":{"start":{"line":1421,"column":12},"end":{"line":1421,"column":26}},"662":{"start":{"line":1422,"column":12},"end":{"line":1429,"column":13}},"663":{"start":{"line":1423,"column":16},"end":{"line":1423,"column":56}},"664":{"start":{"line":1426,"column":16},"end":{"line":1426,"column":50}},"665":{"start":{"line":1427,"column":16},"end":{"line":1427,"column":64}},"666":{"start":{"line":1428,"column":16},"end":{"line":1428,"column":69}},"667":{"start":{"line":1438,"column":8},"end":{"line":1443,"column":9}},"668":{"start":{"line":1439,"column":12},"end":{"line":1439,"column":29}},"669":{"start":{"line":1440,"column":12},"end":{"line":1442,"column":14}},"670":{"start":{"line":1441,"column":16},"end":{"line":1441,"column":40}},"671":{"start":{"line":1453,"column":8},"end":{"line":1460,"column":9}},"672":{"start":{"line":1455,"column":12},"end":{"line":1459,"column":13}},"673":{"start":{"line":1456,"column":16},"end":{"line":1458,"column":17}},"674":{"start":{"line":1457,"column":20},"end":{"line":1457,"column":50}},"675":{"start":{"line":1463,"column":8},"end":{"line":1463,"column":20}},"676":{"start":{"line":1474,"column":0},"end":{"line":1488,"column":1}},"677":{"start":{"line":1475,"column":4},"end":{"line":1475,"column":18}},"678":{"start":{"line":1476,"column":4},"end":{"line":1485,"column":5}},"679":{"start":{"line":1478,"column":8},"end":{"line":1478,"column":27}},"680":{"start":{"line":1480,"column":8},"end":{"line":1484,"column":9}},"681":{"start":{"line":1482,"column":12},"end":{"line":1482,"column":50}},"682":{"start":{"line":1483,"column":12},"end":{"line":1483,"column":31}},"683":{"start":{"line":1487,"column":4},"end":{"line":1487,"column":21}}},"branchMap":{"1":{"line":37,"type":"cond-expr","locations":[{"start":{"line":37,"column":30},"end":{"line":37,"column":38}},{"start":{"line":37,"column":41},"end":{"line":37,"column":75}}]},"2":{"line":39,"type":"cond-expr","locations":[{"start":{"line":39,"column":30},"end":{"line":39,"column":38}},{"start":{"line":39,"column":41},"end":{"line":39,"column":74}}]},"3":{"line":166,"type":"if","locations":[{"start":{"line":166,"column":16},"end":{"line":166,"column":16}},{"start":{"line":166,"column":16},"end":{"line":166,"column":16}}]},"4":{"line":183,"type":"if","locations":[{"start":{"line":183,"column":12},"end":{"line":183,"column":12}},{"start":{"line":183,"column":12},"end":{"line":183,"column":12}}]},"5":{"line":203,"type":"cond-expr","locations":[{"start":{"line":203,"column":100},"end":{"line":203,"column":128}},{"start":{"line":203,"column":131},"end":{"line":203,"column":134}}]},"6":{"line":227,"type":"if","locations":[{"start":{"line":227,"column":12},"end":{"line":227,"column":12}},{"start":{"line":227,"column":12},"end":{"line":227,"column":12}}]},"7":{"line":229,"type":"cond-expr","locations":[{"start":{"line":229,"column":60},"end":{"line":229,"column":103}},{"start":{"line":229,"column":106},"end":{"line":229,"column":108}}]},"8":{"line":233,"type":"cond-expr","locations":[{"start":{"line":233,"column":62},"end":{"line":233,"column":106}},{"start":{"line":233,"column":109},"end":{"line":233,"column":111}}]},"9":{"line":237,"type":"cond-expr","locations":[{"start":{"line":237,"column":65},"end":{"line":237,"column":112}},{"start":{"line":237,"column":115},"end":{"line":237,"column":117}}]},"10":{"line":295,"type":"if","locations":[{"start":{"line":295,"column":12},"end":{"line":295,"column":12}},{"start":{"line":295,"column":12},"end":{"line":295,"column":12}}]},"11":{"line":298,"type":"cond-expr","locations":[{"start":{"line":298,"column":65},"end":{"line":298,"column":110}},{"start":{"line":298,"column":113},"end":{"line":298,"column":115}}]},"12":{"line":307,"type":"cond-expr","locations":[{"start":{"line":307,"column":66},"end":{"line":307,"column":113}},{"start":{"line":307,"column":116},"end":{"line":307,"column":118}}]},"13":{"line":355,"type":"if","locations":[{"start":{"line":355,"column":12},"end":{"line":355,"column":12}},{"start":{"line":355,"column":12},"end":{"line":355,"column":12}}]},"14":{"line":358,"type":"cond-expr","locations":[{"start":{"line":358,"column":61},"end":{"line":358,"column":104}},{"start":{"line":358,"column":107},"end":{"line":358,"column":109}}]},"15":{"line":360,"type":"cond-expr","locations":[{"start":{"line":360,"column":63},"end":{"line":360,"column":107}},{"start":{"line":360,"column":110},"end":{"line":360,"column":112}}]},"16":{"line":362,"type":"if","locations":[{"start":{"line":362,"column":16},"end":{"line":362,"column":16}},{"start":{"line":362,"column":16},"end":{"line":362,"column":16}}]},"17":{"line":367,"type":"if","locations":[{"start":{"line":367,"column":16},"end":{"line":367,"column":16}},{"start":{"line":367,"column":16},"end":{"line":367,"column":16}}]},"18":{"line":374,"type":"if","locations":[{"start":{"line":374,"column":16},"end":{"line":374,"column":16}},{"start":{"line":374,"column":16},"end":{"line":374,"column":16}}]},"19":{"line":420,"type":"if","locations":[{"start":{"line":420,"column":12},"end":{"line":420,"column":12}},{"start":{"line":420,"column":12},"end":{"line":420,"column":12}}]},"20":{"line":424,"type":"if","locations":[{"start":{"line":424,"column":19},"end":{"line":424,"column":19}},{"start":{"line":424,"column":19},"end":{"line":424,"column":19}}]},"21":{"line":428,"type":"if","locations":[{"start":{"line":428,"column":19},"end":{"line":428,"column":19}},{"start":{"line":428,"column":19},"end":{"line":428,"column":19}}]},"22":{"line":442,"type":"if","locations":[{"start":{"line":442,"column":12},"end":{"line":442,"column":12}},{"start":{"line":442,"column":12},"end":{"line":442,"column":12}}]},"23":{"line":445,"type":"if","locations":[{"start":{"line":445,"column":16},"end":{"line":445,"column":16}},{"start":{"line":445,"column":16},"end":{"line":445,"column":16}}]},"24":{"line":445,"type":"binary-expr","locations":[{"start":{"line":445,"column":20},"end":{"line":445,"column":36}},{"start":{"line":445,"column":40},"end":{"line":445,"column":84}}]},"25":{"line":466,"type":"if","locations":[{"start":{"line":466,"column":12},"end":{"line":466,"column":12}},{"start":{"line":466,"column":12},"end":{"line":466,"column":12}}]},"26":{"line":469,"type":"if","locations":[{"start":{"line":469,"column":16},"end":{"line":469,"column":16}},{"start":{"line":469,"column":16},"end":{"line":469,"column":16}}]},"27":{"line":475,"type":"if","locations":[{"start":{"line":475,"column":16},"end":{"line":475,"column":16}},{"start":{"line":475,"column":16},"end":{"line":475,"column":16}}]},"28":{"line":481,"type":"if","locations":[{"start":{"line":481,"column":16},"end":{"line":481,"column":16}},{"start":{"line":481,"column":16},"end":{"line":481,"column":16}}]},"29":{"line":486,"type":"if","locations":[{"start":{"line":486,"column":16},"end":{"line":486,"column":16}},{"start":{"line":486,"column":16},"end":{"line":486,"column":16}}]},"30":{"line":511,"type":"if","locations":[{"start":{"line":511,"column":12},"end":{"line":511,"column":12}},{"start":{"line":511,"column":12},"end":{"line":511,"column":12}}]},"31":{"line":512,"type":"if","locations":[{"start":{"line":512,"column":16},"end":{"line":512,"column":16}},{"start":{"line":512,"column":16},"end":{"line":512,"column":16}}]},"32":{"line":514,"type":"if","locations":[{"start":{"line":514,"column":20},"end":{"line":514,"column":20}},{"start":{"line":514,"column":20},"end":{"line":514,"column":20}}]},"33":{"line":515,"type":"if","locations":[{"start":{"line":515,"column":24},"end":{"line":515,"column":24}},{"start":{"line":515,"column":24},"end":{"line":515,"column":24}}]},"34":{"line":541,"type":"if","locations":[{"start":{"line":541,"column":12},"end":{"line":541,"column":12}},{"start":{"line":541,"column":12},"end":{"line":541,"column":12}}]},"35":{"line":569,"type":"if","locations":[{"start":{"line":569,"column":12},"end":{"line":569,"column":12}},{"start":{"line":569,"column":12},"end":{"line":569,"column":12}}]},"36":{"line":573,"type":"if","locations":[{"start":{"line":573,"column":16},"end":{"line":573,"column":16}},{"start":{"line":573,"column":16},"end":{"line":573,"column":16}}]},"37":{"line":577,"type":"if","locations":[{"start":{"line":577,"column":16},"end":{"line":577,"column":16}},{"start":{"line":577,"column":16},"end":{"line":577,"column":16}}]},"38":{"line":587,"type":"if","locations":[{"start":{"line":587,"column":16},"end":{"line":587,"column":16}},{"start":{"line":587,"column":16},"end":{"line":587,"column":16}}]},"39":{"line":591,"type":"if","locations":[{"start":{"line":591,"column":16},"end":{"line":591,"column":16}},{"start":{"line":591,"column":16},"end":{"line":591,"column":16}}]},"40":{"line":619,"type":"if","locations":[{"start":{"line":619,"column":16},"end":{"line":619,"column":16}},{"start":{"line":619,"column":16},"end":{"line":619,"column":16}}]},"41":{"line":619,"type":"binary-expr","locations":[{"start":{"line":619,"column":20},"end":{"line":619,"column":34}},{"start":{"line":619,"column":38},"end":{"line":619,"column":63}}]},"42":{"line":632,"type":"if","locations":[{"start":{"line":632,"column":12},"end":{"line":632,"column":12}},{"start":{"line":632,"column":12},"end":{"line":632,"column":12}}]},"43":{"line":674,"type":"if","locations":[{"start":{"line":674,"column":12},"end":{"line":674,"column":12}},{"start":{"line":674,"column":12},"end":{"line":674,"column":12}}]},"44":{"line":685,"type":"if","locations":[{"start":{"line":685,"column":12},"end":{"line":685,"column":12}},{"start":{"line":685,"column":12},"end":{"line":685,"column":12}}]},"45":{"line":689,"type":"if","locations":[{"start":{"line":689,"column":16},"end":{"line":689,"column":16}},{"start":{"line":689,"column":16},"end":{"line":689,"column":16}}]},"46":{"line":693,"type":"if","locations":[{"start":{"line":693,"column":16},"end":{"line":693,"column":16}},{"start":{"line":693,"column":16},"end":{"line":693,"column":16}}]},"47":{"line":714,"type":"if","locations":[{"start":{"line":714,"column":16},"end":{"line":714,"column":16}},{"start":{"line":714,"column":16},"end":{"line":714,"column":16}}]},"48":{"line":737,"type":"if","locations":[{"start":{"line":737,"column":12},"end":{"line":737,"column":12}},{"start":{"line":737,"column":12},"end":{"line":737,"column":12}}]},"49":{"line":800,"type":"if","locations":[{"start":{"line":800,"column":12},"end":{"line":800,"column":12}},{"start":{"line":800,"column":12},"end":{"line":800,"column":12}}]},"50":{"line":812,"type":"if","locations":[{"start":{"line":812,"column":16},"end":{"line":812,"column":16}},{"start":{"line":812,"column":16},"end":{"line":812,"column":16}}]},"51":{"line":854,"type":"if","locations":[{"start":{"line":854,"column":12},"end":{"line":854,"column":12}},{"start":{"line":854,"column":12},"end":{"line":854,"column":12}}]},"52":{"line":872,"type":"if","locations":[{"start":{"line":872,"column":16},"end":{"line":872,"column":16}},{"start":{"line":872,"column":16},"end":{"line":872,"column":16}}]},"53":{"line":873,"type":"if","locations":[{"start":{"line":873,"column":20},"end":{"line":873,"column":20}},{"start":{"line":873,"column":20},"end":{"line":873,"column":20}}]},"54":{"line":883,"type":"if","locations":[{"start":{"line":883,"column":16},"end":{"line":883,"column":16}},{"start":{"line":883,"column":16},"end":{"line":883,"column":16}}]},"55":{"line":908,"type":"if","locations":[{"start":{"line":908,"column":12},"end":{"line":908,"column":12}},{"start":{"line":908,"column":12},"end":{"line":908,"column":12}}]},"56":{"line":909,"type":"if","locations":[{"start":{"line":909,"column":16},"end":{"line":909,"column":16}},{"start":{"line":909,"column":16},"end":{"line":909,"column":16}}]},"57":{"line":938,"type":"if","locations":[{"start":{"line":938,"column":12},"end":{"line":938,"column":12}},{"start":{"line":938,"column":12},"end":{"line":938,"column":12}}]},"58":{"line":956,"type":"if","locations":[{"start":{"line":956,"column":16},"end":{"line":956,"column":16}},{"start":{"line":956,"column":16},"end":{"line":956,"column":16}}]},"59":{"line":957,"type":"if","locations":[{"start":{"line":957,"column":20},"end":{"line":957,"column":20}},{"start":{"line":957,"column":20},"end":{"line":957,"column":20}}]},"60":{"line":967,"type":"if","locations":[{"start":{"line":967,"column":16},"end":{"line":967,"column":16}},{"start":{"line":967,"column":16},"end":{"line":967,"column":16}}]},"61":{"line":992,"type":"if","locations":[{"start":{"line":992,"column":12},"end":{"line":992,"column":12}},{"start":{"line":992,"column":12},"end":{"line":992,"column":12}}]},"62":{"line":993,"type":"if","locations":[{"start":{"line":993,"column":16},"end":{"line":993,"column":16}},{"start":{"line":993,"column":16},"end":{"line":993,"column":16}}]},"63":{"line":1023,"type":"if","locations":[{"start":{"line":1023,"column":12},"end":{"line":1023,"column":12}},{"start":{"line":1023,"column":12},"end":{"line":1023,"column":12}}]},"64":{"line":1059,"type":"if","locations":[{"start":{"line":1059,"column":12},"end":{"line":1059,"column":12}},{"start":{"line":1059,"column":12},"end":{"line":1059,"column":12}}]},"65":{"line":1069,"type":"binary-expr","locations":[{"start":{"line":1069,"column":19},"end":{"line":1069,"column":51}},{"start":{"line":1069,"column":55},"end":{"line":1069,"column":85}}]},"66":{"line":1106,"type":"if","locations":[{"start":{"line":1106,"column":12},"end":{"line":1106,"column":12}},{"start":{"line":1106,"column":12},"end":{"line":1106,"column":12}}]},"67":{"line":1116,"type":"if","locations":[{"start":{"line":1116,"column":12},"end":{"line":1116,"column":12}},{"start":{"line":1116,"column":12},"end":{"line":1116,"column":12}}]},"68":{"line":1134,"type":"if","locations":[{"start":{"line":1134,"column":12},"end":{"line":1134,"column":12}},{"start":{"line":1134,"column":12},"end":{"line":1134,"column":12}}]},"69":{"line":1139,"type":"if","locations":[{"start":{"line":1139,"column":12},"end":{"line":1139,"column":12}},{"start":{"line":1139,"column":12},"end":{"line":1139,"column":12}}]},"70":{"line":1149,"type":"binary-expr","locations":[{"start":{"line":1149,"column":19},"end":{"line":1149,"column":54}},{"start":{"line":1149,"column":58},"end":{"line":1149,"column":91}},{"start":{"line":1150,"column":19},"end":{"line":1150,"column":50}},{"start":{"line":1150,"column":54},"end":{"line":1150,"column":85}},{"start":{"line":1151,"column":19},"end":{"line":1151,"column":52}}]},"71":{"line":1163,"type":"if","locations":[{"start":{"line":1163,"column":12},"end":{"line":1163,"column":12}},{"start":{"line":1163,"column":12},"end":{"line":1163,"column":12}}]},"72":{"line":1173,"type":"if","locations":[{"start":{"line":1173,"column":12},"end":{"line":1173,"column":12}},{"start":{"line":1173,"column":12},"end":{"line":1173,"column":12}}]},"73":{"line":1192,"type":"if","locations":[{"start":{"line":1192,"column":12},"end":{"line":1192,"column":12}},{"start":{"line":1192,"column":12},"end":{"line":1192,"column":12}}]},"74":{"line":1197,"type":"if","locations":[{"start":{"line":1197,"column":12},"end":{"line":1197,"column":12}},{"start":{"line":1197,"column":12},"end":{"line":1197,"column":12}}]},"75":{"line":1237,"type":"binary-expr","locations":[{"start":{"line":1237,"column":19},"end":{"line":1237,"column":52}},{"start":{"line":1237,"column":56},"end":{"line":1237,"column":87}},{"start":{"line":1238,"column":19},"end":{"line":1238,"column":48}},{"start":{"line":1238,"column":52},"end":{"line":1238,"column":81}},{"start":{"line":1239,"column":19},"end":{"line":1239,"column":50}}]},"76":{"line":1251,"type":"if","locations":[{"start":{"line":1251,"column":12},"end":{"line":1251,"column":12}},{"start":{"line":1251,"column":12},"end":{"line":1251,"column":12}}]},"77":{"line":1261,"type":"if","locations":[{"start":{"line":1261,"column":12},"end":{"line":1261,"column":12}},{"start":{"line":1261,"column":12},"end":{"line":1261,"column":12}}]},"78":{"line":1279,"type":"if","locations":[{"start":{"line":1279,"column":12},"end":{"line":1279,"column":12}},{"start":{"line":1279,"column":12},"end":{"line":1279,"column":12}}]},"79":{"line":1284,"type":"if","locations":[{"start":{"line":1284,"column":12},"end":{"line":1284,"column":12}},{"start":{"line":1284,"column":12},"end":{"line":1284,"column":12}}]},"80":{"line":1344,"type":"if","locations":[{"start":{"line":1344,"column":12},"end":{"line":1344,"column":12}},{"start":{"line":1344,"column":12},"end":{"line":1344,"column":12}}]},"81":{"line":1409,"type":"if","locations":[{"start":{"line":1409,"column":12},"end":{"line":1409,"column":12}},{"start":{"line":1409,"col
[...]
":{"start":{"line":49,"column":8},"end":{"line":68,"column":10}},"9":{"start":{"line":50,"column":12},"end":{"line":50,"column":61}},"10":{"start":{"line":52,"column":12},"end":{"line":52,"column":47}},"11":{"start":{"line":53,"column":12},"end":{"line":64,"column":14}},"12":{"start":{"line":54,"column":16},"end":{"line":63,"column":17}},"13":{"start":{"line":55,"column":20},"end":{"line":55,"column":68}},"14":{"start":{"line":57,"column":20},"end":{"line":57,"column":75}},"15":{"start":{"line":58,"column":20},"end":{"line":58,"column":51}},"16":{"start":{"line":59,"column":20},"end":{"line":59,"column":27}},"17":{"start":{"line":62,"column":20},"end":{"line":62,"column":127}},"18":{"start":{"line":66,"column":12},"end":{"line":66,"column":57}},"19":{"start":{"line":67,"column":12},"end":{"line":67,"column":31}},"20":{"start":{"line":77,"column":8},"end":{"line":102,"column":10}},"21":{"start":{"line":78,"column":12},"end":{"line":78,"column":47}},"22":{"start":{"line":79,"column":12},"end":{"line":96,"column":14}},"23":{"start":{"line":80,"column":16},"end":{"line":95,"column":17}},"24":{"start":{"line":81,"column":20},"end":{"line":94,"column":21}},"25":{"start":{"line":82,"column":24},"end":{"line":82,"column":69}},"26":{"start":{"line":83,"column":24},"end":{"line":83,"column":50}},"27":{"start":{"line":89,"column":24},"end":{"line":89,"column":62}},"28":{"start":{"line":90,"column":24},"end":{"line":90,"column":56}},"29":{"start":{"line":93,"column":24},"end":{"line":93,"column":63}},"30":{"start":{"line":98,"column":12},"end":{"line":98,"column":49}},"31":{"start":{"line":99,"column":12},"end":{"line":99,"column":73}},"32":{"start":{"line":101,"column":12},"end":{"line":101,"column":52}},"33":{"start":{"line":110,"column":8},"end":{"line":129,"column":10}},"34":{"start":{"line":111,"column":12},"end":{"line":111,"column":47}},"35":{"start":{"line":112,"column":12},"end":{"line":123,"column":14}},"36":{"start":{"line":113,"column":16},"end":{"line":122,"column":17}},"37":{"start":{"line":114,"column":20},"end":{"line":121,"column":21}},"38":{"start":{"line":115,"column":24},"end":{"line":115,"column":71}},"39":{"start":{"line":116,"column":24},"end":{"line":116,"column":54}},"40":{"start":{"line":117,"column":24},"end":{"line":117,"column":60}},"41":{"start":{"line":125,"column":12},"end":{"line":125,"column":51}},"42":{"start":{"line":126,"column":12},"end":{"line":126,"column":73}},"43":{"start":{"line":128,"column":12},"end":{"line":128,"column":54}},"44":{"start":{"line":137,"column":8},"end":{"line":156,"column":10}},"45":{"start":{"line":138,"column":12},"end":{"line":138,"column":47}},"46":{"start":{"line":139,"column":12},"end":{"line":150,"column":14}},"47":{"start":{"line":140,"column":16},"end":{"line":149,"column":17}},"48":{"start":{"line":141,"column":20},"end":{"line":148,"column":21}},"49":{"start":{"line":142,"column":24},"end":{"line":142,"column":69}},"50":{"start":{"line":143,"column":24},"end":{"line":143,"column":50}},"51":{"start":{"line":144,"column":24},"end":{"line":144,"column":56}},"52":{"start":{"line":152,"column":12},"end":{"line":152,"column":49}},"53":{"start":{"line":153,"column":12},"end":{"line":153,"column":73}},"54":{"start":{"line":155,"column":12},"end":{"line":155,"column":52}},"55":{"start":{"line":165,"column":8},"end":{"line":184,"column":10}},"56":{"start":{"line":166,"column":12},"end":{"line":166,"column":47}},"57":{"start":{"line":167,"column":12},"end":{"line":178,"column":14}},"58":{"start":{"line":168,"column":16},"end":{"line":177,"column":17}},"59":{"start":{"line":169,"column":20},"end":{"line":176,"column":21}},"60":{"start":{"line":170,"column":24},"end":{"line":170,"column":69}},"61":{"start":{"line":171,"column":24},"end":{"line":171,"column":48}},"62":{"start":{"line":172,"column":24},"end":{"line":172,"column":47}},"63":{"start":{"line":180,"column":12},"end":{"line":180,"column":59}},"64":{"start":{"line":181,"column":12},"end":{"line":181,"column":73}},"65":{"start":{"line":183,"column":12},"end":{"line":183,"column":52}},"66":{"start":{"line":193,"column":8},"end":{"line":212,"column":10}},"67":{"start":{"line":194,"column":12},"end":{"line":194,"column":47}},"68":{"start":{"line":195,"column":12},"end":{"line":206,"column":14}},"69":{"start":{"line":196,"column":16},"end":{"line":205,"column":17}},"70":{"start":{"line":197,"column":20},"end":{"line":204,"column":21}},"71":{"start":{"line":198,"column":24},"end":{"line":198,"column":71}},"72":{"start":{"line":199,"column":24},"end":{"line":199,"column":52}},"73":{"start":{"line":200,"column":24},"end":{"line":200,"column":49}},"74":{"start":{"line":208,"column":12},"end":{"line":208,"column":63}},"75":{"start":{"line":209,"column":12},"end":{"line":209,"column":73}},"76":{"start":{"line":211,"column":12},"end":{"line":211,"column":54}},"77":{"start":{"line":221,"column":8},"end":{"line":240,"column":10}},"78":{"start":{"line":222,"column":12},"end":{"line":222,"column":47}},"79":{"start":{"line":223,"column":12},"end":{"line":234,"column":14}},"80":{"start":{"line":224,"column":16},"end":{"line":233,"column":17}},"81":{"start":{"line":225,"column":20},"end":{"line":232,"column":21}},"82":{"start":{"line":226,"column":24},"end":{"line":226,"column":69}},"83":{"start":{"line":227,"column":24},"end":{"line":227,"column":48}},"84":{"start":{"line":228,"column":24},"end":{"line":228,"column":47}},"85":{"start":{"line":236,"column":12},"end":{"line":236,"column":59}},"86":{"start":{"line":237,"column":12},"end":{"line":237,"column":73}},"87":{"start":{"line":239,"column":12},"end":{"line":239,"column":52}},"88":{"start":{"line":249,"column":8},"end":{"line":270,"column":10}},"89":{"start":{"line":250,"column":12},"end":{"line":250,"column":47}},"90":{"start":{"line":252,"column":12},"end":{"line":266,"column":14}},"91":{"start":{"line":253,"column":16},"end":{"line":253,"column":28}},"92":{"start":{"line":254,"column":16},"end":{"line":265,"column":17}},"93":{"start":{"line":255,"column":20},"end":{"line":255,"column":63}},"94":{"start":{"line":256,"column":20},"end":{"line":256,"column":50}},"95":{"start":{"line":260,"column":20},"end":{"line":260,"column":92}},"96":{"start":{"line":261,"column":20},"end":{"line":261,"column":43}},"97":{"start":{"line":268,"column":12},"end":{"line":268,"column":62}},"98":{"start":{"line":269,"column":12},"end":{"line":269,"column":31}},"99":{"start":{"line":278,"column":8},"end":{"line":295,"column":10}},"100":{"start":{"line":279,"column":12},"end":{"line":279,"column":47}},"101":{"start":{"line":281,"column":12},"end":{"line":291,"column":14}},"102":{"start":{"line":282,"column":16},"end":{"line":282,"column":30}},"103":{"start":{"line":283,"column":16},"end":{"line":290,"column":17}},"104":{"start":{"line":284,"column":20},"end":{"line":284,"column":65}},"105":{"start":{"line":285,"column":20},"end":{"line":285,"column":54}},"106":{"start":{"line":286,"column":20},"end":{"line":286,"column":45}},"107":{"start":{"line":293,"column":12},"end":{"line":293,"column":66}},"108":{"start":{"line":294,"column":12},"end":{"line":294,"column":31}},"109":{"start":{"line":303,"column":8},"end":{"line":320,"column":10}},"110":{"start":{"line":304,"column":12},"end":{"line":304,"column":47}},"111":{"start":{"line":306,"column":12},"end":{"line":316,"column":14}},"112":{"start":{"line":307,"column":16},"end":{"line":307,"column":28}},"113":{"start":{"line":308,"column":16},"end":{"line":315,"column":17}},"114":{"start":{"line":309,"column":20},"end":{"line":309,"column":63}},"115":{"start":{"line":310,"column":20},"end":{"line":310,"column":50}},"116":{"start":{"line":311,"column":20},"end":{"line":311,"column":43}},"117":{"start":{"line":318,"column":12},"end":{"line":318,"column":62}},"118":{"start":{"line":319,"column":12},"end":{"line":319,"column":31}},"119":{"start":{"line":328,"column":8},"end":{"line":332,"column":10}},"120":{"start":{"line":329,"column":12},"end":{"line":331,"column":13}},"121":{"start":{"line":330,"column":16},"end":{"line":330,"column":75}},"122":{"start":{"line":338,"column":8},"end":{"line":340,"column":10}},"123":{"start":{"line":339,"column":12},"end":{"line":339,"column":44}},"124":{"start":{"line":348,"column":8},"end":{"line":357,"column":10}},"125":{"start":{"line":349,"column":12},"end":{"line":349,"column":72}},"126":{"start":{"line":350,"column":12},"end":{"line":356,"column":50}},"127":{"start":{"line":355,"column":48},"end":{"line":355,"column":96}},"128":{"start":{"line":363,"column":8},"end":{"line":389,"column":9}},"129":{"start":{"line":364,"column":12},"end":{"line":364,"column":44}},"130":{"start":{"line":365,"column":12},"end":{"line":365,"column":47}},"131":{"start":{"line":366,"column":12},"end":{"line":385,"column":14}},"132":{"start":{"line":367,"column":16},"end":{"line":367,"column":28}},"133":{"start":{"line":368,"column":16},"end":{"line":368,"column":56}},"134":{"start":{"line":369,"column":16},"end":{"line":384,"column":17}},"135":{"start":{"line":370,"column":20},"end":{"line":379,"column":21}},"136":{"start":{"line":372,"column":24},"end":{"line":372,"column":67}},"137":{"start":{"line":373,"column":24},"end":{"line":376,"column":25}},"138":{"start":{"line":374,"column":28},"end":{"line":374,"column":61}},"139":{"start":{"line":378,"column":24},"end":{"line":378,"column":68}},"140":{"start":{"line":382,"column":20},"end":{"line":382,"column":85}},"141":{"start":{"line":383,"column":20},"end":{"line":383,"column":67}},"142":{"start":{"line":387,"column":12},"end":{"line":387,"column":76}},"143":{"start":{"line":388,"column":12},"end":{"line":388,"column":31}},"144":{"start":{"line":391,"column":8},"end":{"line":407,"column":9}},"145":{"start":{"line":392,"column":12},"end":{"line":392,"column":47}},"146":{"start":{"line":393,"column":12},"end":{"line":403,"column":14}},"147":{"start":{"line":394,"column":16},"end":{"line":402,"column":17}},"148":{"start":{"line":395,"column":20},"end":{"line":401,"column":21}},"149":{"start":{"line":396,"column":24},"end":{"line":396,"column":68}},"150":{"start":{"line":397,"column":24},"end":{"line":397,"column":89}},"151":{"start":{"line":400,"column":24},"end":{"line":400,"column":90}},"152":{"start":{"line":404,"column":12},"end":{"line":404,"column":61}},"153":{"start":{"line":405,"column":12},"end":{"line":405,"column":73}},"154":{"start":{"line":406,"column":12},"end":{"line":406,"column":49}},"155":{"start":{"line":415,"column":8},"end":{"line":434,"column":9}},"156":{"start":{"line":416,"column":12},"end":{"line":416,"column":72}},"157":{"start":{"line":418,"column":12},"end":{"line":418,"column":47}},"158":{"start":{"line":419,"column":12},"end":{"line":430,"column":14}},"159":{"start":{"line":420,"column":16},"end":{"line":429,"column":17}},"160":{"start":{"line":421,"column":20},"end":{"line":421,"column":66}},"161":{"start":{"line":422,"column":20},"end":{"line":422,"column":98}},"162":{"start":{"line":423,"column":20},"end":{"line":423,"column":50}},"163":{"start":{"line":424,"column":20},"end":{"line":424,"column":27}},"164":{"start":{"line":425,"column":20},"end":{"line":425,"column":27}},"165":{"start":{"line":428,"column":20},"end":{"line":428,"column":119}},"166":{"start":{"line":432,"column":12},"end":{"line":432,"column":52}},"167":{"start":{"line":433,"column":12},"end":{"line":433,"column":31}},"168":{"start":{"line":440,"column":8},"end":{"line":458,"column":9}},"169":{"start":{"line":441,"column":12},"end":{"line":441,"column":65}},"170":{"start":{"line":442,"column":12},"end":{"line":442,"column":47}},"171":{"start":{"line":443,"column":12},"end":{"line":453,"column":14}},"172":{"start":{"line":444,"column":16},"end":{"line":444,"column":28}},"173":{"start":{"line":445,"column":16},"end":{"line":452,"column":17}},"174":{"start":{"line":446,"column":20},"end":{"line":446,"column":63}},"175":{"start":{"line":447,"column":20},"end":{"line":447,"column":51}},"176":{"start":{"line":448,"column":20},"end":{"line":448,"column":27}},"177":{"start":{"line":451,"column":20},"end":{"line":451,"column":88}},"178":{"start":{"line":455,"column":12},"end":{"line":455,"column":69}},"179":{"start":{"line":456,"column":12},"end":{"line":456,"column":31}},"180":{"start":{"line":464,"column":8},"end":{"line":481,"column":9}},"181":{"start":{"line":465,"column":12},"end":{"line":465,"column":47}},"182":{"start":{"line":466,"column":12},"end":{"line":476,"column":14}},"183":{"start":{"line":467,"column":16},"end":{"line":467,"column":29}},"184":{"start":{"line":468,"column":16},"end":{"line":475,"column":17}},"185":{"start":{"line":469,"column":20},"end":{"line":469,"column":64}},"186":{"start":{"line":470,"column":20},"end":{"line":470,"column":54}},"187":{"start":{"line":471,"column":20},"end":{"line":471,"column":27}},"188":{"start":{"line":474,"column":20},"end":{"line":474,"column":89}},"189":{"start":{"line":478,"column":12},"end":{"line":478,"column":71}},"190":{"start":{"line":479,"column":12},"end":{"line":479,"column":31}},"191":{"start":{"line":487,"column":8},"end":{"line":504,"column":9}},"192":{"start":{"line":488,"column":12},"end":{"line":488,"column":47}},"193":{"start":{"line":489,"column":12},"end":{"line":499,"column":14}},"194":{"start":{"line":490,"column":16},"end":{"line":490,"column":27}},"195":{"start":{"line":491,"column":16},"end":{"line":498,"column":17}},"196":{"start":{"line":492,"column":20},"end":{"line":492,"column":62}},"197":{"start":{"line":493,"column":20},"end":{"line":493,"column":50}},"198":{"start":{"line":494,"column":20},"end":{"line":494,"column":27}},"199":{"start":{"line":497,"column":20},"end":{"line":497,"column":87}},"200":{"start":{"line":501,"column":12},"end":{"line":501,"column":69}},"201":{"start":{"line":502,"column":12},"end":{"line":502,"column":31}},"202":{"start":{"line":510,"column":8},"end":{"line":512,"column":9}},"203":{"start":{"line":511,"column":12},"end":{"line":511,"column":36}},"204":{"start":{"line":515,"column":8},"end":{"line":515,"column":20}},"205":{"start":{"line":526,"column":0},"end":{"line":542,"column":1}},"206":{"start":{"line":527,"column":4},"end":{"line":527,"column":18}},"207":{"start":{"line":528,"column":4},"end":{"line":539,"column":5}},"208":{"start":{"line":530,"column":8},"end":{"line":530,"column":27}},"209":{"start":{"line":531,"column":8},"end":{"line":531,"column":50}},"210":{"start":{"line":533,"column":8},"end":{"line":538,"column":9}},"211":{"start":{"line":535,"column":12},"end":{"line":535,"column":50}},"212":{"start":{"line":536,"column":12},"end":{"line":536,"column":31}},"213":{"start":{"line":537,"column":12},"end":{"line":537,"column":54}},"214":{"start":{"line":541,"column":4},"end":{"line":541,"column":21}}},"branchMap":{"1":{"line":34,"type":"cond-expr","locations":[{"start":{"line":34,"column":30},"end":{"line":34,"column":38}},{"start":{"line":34,"column":41},"end":{"line":34,"column":74}}]},"2":{"line":54,"type":"if","locations":[{"start":{"line":54,"column":16},"end":{"line":54,"column":16}},{"start":{"line":54,"column":16},"end":{"line":54,"column":16}}]},"3":{"line":80,"type":"if","locations":[{"start":{"line":80,"column":16},"end":{"line":80,"column":16}},{"start":{"line":80,"column":16},"end":{"line":80,"column":16}}]},"4":{"line":81,"type":"if","locations":[{"start":{"line":81,"column":20},"end":{"line":81,"column":20}},{"start":{"line":81,"column":20},"end":{"line":81,"column":20}}]},"5":{"line":113,"type":"if","locations":[{"start":{"line":113,"column":16},"end":{"line":113,"column":16}},{"start":{"line":113,"column":16},"end":{"line":113,"column":16}}]},"6":{"line":114,"type":"if","locations":[{"start":{"line":114,"column":20},"end":{"line":114,"column":20}},{"start":{"line":114,"column":20},"end":{"line":114,"column":20}}]},"7":{"line":140,"type":"if","locations":[{"start":{"line":140,"column":16},"end":{"line":140,"column":16}},{"start":{"line":140,"column":16},"end":{"line":140,"column":16}}]},"8":{"line":141,"type":"if","locations":[{"start":{"line":141,"column":20},"end":{"line":141,"column":20}},{"start":{"line":141,"column":20},"end":{"line":141,"column":20}}]},"9":{"line":168,"type":"if","locations":[{"start":{"line":168,"column":16},"end":{"line":168,"column":16}},{"start":{"line":168,"column":16},"end":{"line":168,"column":16}}]},"10":{"line":169,"type":"if","locations":[{"start":{"line":169,"column":20},"end":{"line":169,"column":20}},{"start":{"line":169,"column":20},"end":{"line":169,"column":20}}]},"11":{"line":196,"type":"if","locations":[{"start":{"line":196,"column":16},"end":{"line":196,"column":16}},{"start":{"line":196,"column":16},"end":{"line":196,"column":16}}]},"12":{"line":197,"type":"if","locations":[{"start":{"line":197,"column":20},"end":{"line":197,"column":20}},{"start":{"line":197,"column":20},"end":{"line":197,"column":20}}]},"13":{"line":224,"type":"if","locations":[{"start":{"line":224,"column":16},"end":{"line":224,"column":16}},{"start":{"line":224,"column":16},"end":{"line":224,"column":16}}]},"14":{"line":225,"type":"if","locations":[{"start":{"line":225,"column":20},"end":{"line":225,"column":20}},{"start":{"line":225,"column":20},"end":{"line":225,"column":20}}]},"15":{"line":254,"type":"if","locations":[{"start":{"line":254,"column":16},"end":{"line":254,"column":16}},{"start":{"line":254,"column":16},"end":{"line":254,"column":16}}]},"16":{"line":283,"type":"if","locations":[{"start":{"line":283,"column":16},"end":{"line":283,"column":16}},{"start":{"line":283,"column":16},"end":{"line":283,"column":16}}]},"17":{"line":308,"type":"if","locations":[{"start":{"line":308,"column":16},"end":{"line":308,"column":16}},{"start":{"line":308,"column":16},"end":{"line":308,"column":16}}]},"18":{"line":329,"type":"if","locations":[{"start":{"line":329,"column":12},"end":{"line":329,"column":12}},{"start":{"line":329,"column":12},"end":{"line":329,"column":12}}]},"19":{"line":369,"type":"if","locations":[{"start":{"line":369,"column":16},"end":{"line":369,"column":16}},{"start":{"line":369,"column":16},"end":{"line":369,"column":16}}]},"20":{"line":370,"type":"if","locations":[{"start":{"line":370,"column":20},"end":{"line":370,"column":20}},{"start":{"line":370,"column":20},"end":{"line":370,"column":20}}]},"21":{"line":373,"type":"if","locations":[{"start":{"line":373,"column":24},"end":{"line":373,"column":24}},{"start":{"line":373,"column":24},"end":{"line":373,"column":24}}]},"22":{"line":394,"type":"if","locations":[{"start":{"line":394,"column":16},"end":{"line":394,"column":16}},{"start":{"line":394,"column":16},"end":{"line":394,"column":16}}]},"23":{"line":395,"type":"if","locations":[{"start":{"line":395,"column":20},"end":{"line":395,"column":20}},{"start":{"line":395,"column":20},"end":{"line":395,"column":20}}]},"24":{"line":420,"type":"if","locations":[{"start":{"line":420,"column":16},"end":{"line":420,"column":16}},{"start":{"line":420,"column":16},"end":{"line":420,"column":16}}]},"25":{"line":445,"type":"if","locations":[{"start":{"line":445,"column":16},"end":{"line":445,"column":16}},{"start":{"line":445,"column":16},"end":{"line":445,"column":16}}]},"26":{"line":468,"type":"if","locations":[{"start":{"line":468,"column":16},"end":{"line":468,"column":16}},{"start":{"line":468,"column":16},"end":{"line":468,"column":16}}]},"27":{"line":491,"type":"if","locations":[{"start":{"line":491,"column":16},"end":{"line":491,"column":16}},{"start":{"line":491,"column":16},"end":{"line":491,"column":16}}]},"28":{"line":528,"type":"if","locations":[{"start":{"line":528,"column":4},"end":{"line":528,"column":4}},{"start":{"line":528,"column":4},"end":{"line":528,"column":4}}]},"29":{"line":533,"type":"if","locations":[{"start":{"line":533,"column":8},"end":{"line":533,"column":8}},{"start":{"line":533,"column":8},"end":{"line":533,"column":8}}]},"30":{"line":535,"type":"binary-expr","locations":[{"start":{"line":535,"column":29},"end":{"line":535,"column":43}},{"start":{"line":535,"column":47},"end":{"line":535,"column":49}}]}}}}